#
# There is insufficient memory for the Java Runtime Environment to continue.
# Native memory allocation (mmap) failed to map 65536 bytes. Error detail: Failed to commit metaspace.
# Possible reasons:
#   The system is out of physical RAM or swap space
#   This process is running with CompressedOops enabled, and the Java Heap may be blocking the growth of the native heap
# Possible solutions:
#   Reduce memory load on the system
#   Increase physical memory or swap space
#   Check if swap backing store is full
#   Decrease Java heap size (-Xmx/-Xms)
#   Decrease number of Java threads
#   Decrease Java thread stack sizes (-Xss)
#   Set larger code cache with -XX:ReservedCodeCacheSize=
#   JVM is running with Zero Based Compressed Oops mode in which the Java heap is
#     placed in the first 32GB address space. The Java Heap base address is the
#     maximum limit for the native heap growth. Please use -XX:HeapBaseMinAddress
#     to set the Java Heap base and to place the Java Heap above 32GB virtual address.
# This output file may be truncated or incomplete.
#
#  Out of Memory Error (virtualSpaceNode.cpp:113), pid=19264, tid=22708
#
# JRE version: OpenJDK Runtime Environment (21.0.8) (build 21.0.8+-14018985-b1038.68)
# Java VM: OpenJDK 64-Bit Server VM (21.0.8+-14018985-b1038.68, mixed mode, tiered, compressed oops, compressed class ptrs, g1 gc, windows-amd64)
# No core dump will be written. Minidumps are not enabled by default on client versions of Windows
#

---------------  S U M M A R Y ------------

Command Line: -Dorg.gradle.appname=gradlew org.gradle.wrapper.GradleWrapperMain -q -Ptarget-platform=android-arm64 -Ptarget=D:\Pedometer\lib\main.dart -Pbase-application-name=android.app.Application -Pdart-defines=RkxVVFRFUl9WRVJTSU9OPTMuNDEuMQ==,RkxVVFRFUl9DSEFOTkVMPXN0YWJsZQ==,RkxVVFRFUl9HSVRfVVJMPWh0dHBzOi8vZ2l0aHViLmNvbS9mbHV0dGVyL2ZsdXR0ZXIuZ2l0,RkxVVFRFUl9GUkFNRVdPUktfUkVWSVNJT049NTgyYTBlN2M1NQ==,RkxVVFRFUl9FTkdJTkVfUkVWSVNJT049MzQ1MmQ3MzViZA==,RkxVVFRFUl9EQVJUX1ZFUlNJT049My4xMS4w -Pdart-obfuscation=false -Ptrack-widget-creation=true -Ptree-shake-icons=false -Pfilesystem-scheme=org-dartlang-root assembleDebug

Host: 13th Gen Intel(R) Core(TM) i5-13420H, 12 cores, 15G,  Windows 11 , 64 bit Build 26100 (10.0.26100.7623)
Time: Wed Feb 18 09:08:32 2026 India Standard Time elapsed time: 1.162525 seconds (0d 0h 0m 1s)

---------------  T H R E A D  ---------------

Current thread (0x000002809860bb90):  JavaThread "Exec process"        [_thread_in_vm, id=22708, stack(0x000000cc53700000,0x000000cc53800000) (1024K)]

Stack: [0x000000cc53700000,0x000000cc53800000]
Native frames: (J=compiled Java code, j=interpreted, Vv=VM code, C=native code)
V  [jvm.dll+0x6d68d9]
V  [jvm.dll+0x866693]
V  [jvm.dll+0x868c4e]
V  [jvm.dll+0x869333]
V  [jvm.dll+0x280566]
V  [jvm.dll+0x86155e]
V  [jvm.dll+0x679fd5]
V  [jvm.dll+0x1e45d1]
V  [jvm.dll+0x1e439e]
V  [jvm.dll+0x67c928]
V  [jvm.dll+0x67c762]
V  [jvm.dll+0x67a9ce]
V  [jvm.dll+0x26c436]
V  [jvm.dll+0x216dcb]
V  [jvm.dll+0x20c21a]
V  [jvm.dll+0x5b72a5]
V  [jvm.dll+0x7de87d]
V  [jvm.dll+0x7de7e1]
V  [jvm.dll+0x472d36]
V  [jvm.dll+0x485e16]
C  [java.dll+0x1657]

Java frames: (J=compiled Java code, j=interpreted, Vv=VM code)
J 1379  java.lang.ClassLoader.defineClass0(Ljava/lang/ClassLoader;Ljava/lang/Class;Ljava/lang/String;[BIILjava/security/ProtectionDomain;ZILjava/lang/Object;)Ljava/lang/Class; java.base@21.0.8 (0 bytes) @ 0x0000028087b6ff3c [0x0000028087b6fe40+0x00000000000000fc]
j  java.lang.System$2.defineClass(Ljava/lang/ClassLoader;Ljava/lang/Class;Ljava/lang/String;[BLjava/security/ProtectionDomain;ZILjava/lang/Object;)Ljava/lang/Class;+17 java.base@21.0.8
j  java.lang.invoke.MethodHandles$Lookup$ClassDefiner.defineClass(ZLjava/lang/Object;)Ljava/lang/Class;+57 java.base@21.0.8
j  java.lang.invoke.InvokerBytecodeGenerator.loadMethod([B)Ljava/lang/invoke/MemberName;+22 java.base@21.0.8
j  java.lang.invoke.InvokerBytecodeGenerator.generateCustomizedCode(Ljava/lang/invoke/LambdaForm;Ljava/lang/invoke/MethodType;)Ljava/lang/invoke/MemberName;+30 java.base@21.0.8
j  java.lang.invoke.LambdaForm.compileToBytecode()V+69 java.base@21.0.8
j  java.lang.invoke.DirectMethodHandle.makePreparedLambdaForm(Ljava/lang/invoke/MethodType;I)Ljava/lang/invoke/LambdaForm;+750 java.base@21.0.8
J 1391 c1 java.lang.invoke.DirectMethodHandle.preparedLambdaForm(Ljava/lang/invoke/MethodType;I)Ljava/lang/invoke/LambdaForm; java.base@21.0.8 (31 bytes) @ 0x0000028080269d9c [0x0000028080269a80+0x000000000000031c]
j  java.lang.invoke.DirectMethodHandle.preparedLambdaForm(Ljava/lang/invoke/MemberName;Z)Ljava/lang/invoke/LambdaForm;+159 java.base@21.0.8
J 1506 c1 java.lang.invoke.DirectMethodHandle.preparedLambdaForm(Ljava/lang/invoke/MemberName;)Ljava/lang/invoke/LambdaForm; java.base@21.0.8 (6 bytes) @ 0x00000280802a1324 [0x00000280802a12c0+0x0000000000000064]
j  java.lang.invoke.DirectMethodHandle.make(BLjava/lang/Class;Ljava/lang/invoke/MemberName;Ljava/lang/Class;)Ljava/lang/invoke/DirectMethodHandle;+163 java.base@21.0.8
j  java.lang.invoke.MethodHandles$Lookup.getDirectMethodCommon(BLjava/lang/Class;Ljava/lang/invoke/MemberName;ZZLjava/lang/invoke/MethodHandles$Lookup;)Ljava/lang/invoke/MethodHandle;+220 java.base@21.0.8
j  java.lang.invoke.MethodHandles$Lookup.getDirectMethodNoSecurityManager(BLjava/lang/Class;Ljava/lang/invoke/MemberName;Ljava/lang/invoke/MethodHandles$Lookup;)Ljava/lang/invoke/MethodHandle;+14 java.base@21.0.8
j  java.lang.invoke.MethodHandles$Lookup.getDirectMethodForConstant(BLjava/lang/Class;Ljava/lang/invoke/MemberName;)Ljava/lang/invoke/MethodHandle;+31 java.base@21.0.8
j  java.lang.invoke.MethodHandles$Lookup.linkMethodHandleConstant(BLjava/lang/Class;Ljava/lang/String;Ljava/lang/Object;)Ljava/lang/invoke/MethodHandle;+153 java.base@21.0.8
j  java.lang.invoke.MethodHandleNatives.linkMethodHandleConstant(Ljava/lang/Class;ILjava/lang/Class;Ljava/lang/String;Ljava/lang/Object;)Ljava/lang/invoke/MethodHandle;+38 java.base@21.0.8
v  ~StubRoutines::call_stub 0x000002808753100d
j  java.lang.ProcessImpl.<init>([Ljava/lang/String;Ljava/lang/String;Ljava/lang/String;[JZZ)V+286 java.base@21.0.8
j  java.lang.ProcessImpl.start([Ljava/lang/String;Ljava/util/Map;Ljava/lang/String;[Ljava/lang/ProcessBuilder$Redirect;Z)Ljava/lang/Process;+407 java.base@21.0.8
j  java.lang.ProcessBuilder.start([Ljava/lang/ProcessBuilder$Redirect;)Ljava/lang/Process;+176 java.base@21.0.8
j  java.lang.ProcessBuilder.start()Ljava/lang/Process;+5 java.base@21.0.8
j  net.rubygrapefruit.platform.internal.DefaultProcessLauncher.start(Ljava/lang/ProcessBuilder;)Ljava/lang/Process;+1
j  net.rubygrapefruit.platform.internal.WindowsProcessLauncher.start(Ljava/lang/ProcessBuilder;)Ljava/lang/Process;+61
j  net.rubygrapefruit.platform.internal.WrapperProcessLauncher.start(Ljava/lang/ProcessBuilder;)Ljava/lang/Process;+12
j  org.gradle.process.internal.ExecHandleRunner.startProcess()V+43
j  org.gradle.process.internal.ExecHandleRunner.lambda$run$0()V+1
j  org.gradle.process.internal.ExecHandleRunner$$Lambda+0x00000008002109c8.run()V+4
j  org.gradle.internal.operations.CurrentBuildOperationRef.with(Lorg/gradle/internal/operations/BuildOperationRef;Ljava/lang/Runnable;)V+11
j  org.gradle.process.internal.ExecHandleRunner.run()V+13
j  org.gradle.internal.concurrent.ExecutorPolicy$CatchAndRecordFailures.onExecute(Ljava/lang/Runnable;)V+1
j  org.gradle.internal.concurrent.AbstractManagedExecutor$1.run()V+25
j  java.util.concurrent.ThreadPoolExecutor.runWorker(Ljava/util/concurrent/ThreadPoolExecutor$Worker;)V+92 java.base@21.0.8
j  java.util.concurrent.ThreadPoolExecutor$Worker.run()V+5 java.base@21.0.8
j  java.lang.Thread.runWith(Ljava/lang/Object;Ljava/lang/Runnable;)V+5 java.base@21.0.8
j  java.lang.Thread.run()V+19 java.base@21.0.8
v  ~StubRoutines::call_stub 0x000002808753100d

Compiled method (n/a) 1187 1379     n 0       java.lang.ClassLoader::defineClass0 (native)
 total in heap  [0x0000028087b6fc90,0x0000028087b70320] = 1680
 relocation     [0x0000028087b6fdf0,0x0000028087b6fe28] = 56
 main code      [0x0000028087b6fe40,0x0000028087b7031a] = 1242
 stub code      [0x0000028087b7031a,0x0000028087b70320] = 6

[Constant Pool (empty)]

[MachCode]
[Entry Point]
  # {method} {0x0000028093025208} 'defineClass0' '(Ljava/lang/ClassLoader;Ljava/lang/Class;Ljava/lang/String;[BIILjava/security/ProtectionDomain;ZILjava/lang/Object;)Ljava/lang/Class;' in 'java/lang/ClassLoader'
  # parm0:    rdx:rdx   = 'java/lang/ClassLoader'
  # parm1:    r8:r8     = 'java/lang/Class'
  # parm2:    r9:r9     = 'java/lang/String'
  # parm3:    rdi:rdi   = '[B'
  # parm4:    rsi       = int
  # parm5:    rcx       = int
  # parm6:    [sp+0xb0]   = 'java/security/ProtectionDomain'  (sp of caller)
  # parm7:    [sp+0xb8]   = boolean
  # parm8:    [sp+0xc0]   = int
  # parm9:    [sp+0xc8]   = 'java/lang/Object'
  0x0000028087b6fe40: 448b 5208 | 49bb 0000 | 0000 0800 | 0000 4d03 | d349 3bc2 | 0f84 0600 

  0x0000028087b6fe58: ;   {runtime_call ic_miss_stub}
  0x0000028087b6fe58: 0000 e921 | e9a0 ff90 
[Verified Entry Point]
  0x0000028087b6fe60: 8984 2400 | 80ff ff55 | 488b ec48 | 81ec a000 | 0000 6690 | 4181 7f20 | 0100 0000 

  0x0000028087b6fe7c: ;   {runtime_call StubRoutines (final stubs)}
  0x0000028087b6fe7c: 7405 e8dd | 9c9f ff48 | 837d 2800 | 488d 4528 | 480f 4445 | 2848 8944 | 2458 4863 | 4520 4889 
  0x0000028087b6fe9c: 4424 5048 | 6345 1848 | 8944 2448 | 4883 7d10 | 0048 8d45 | 1048 0f44 | 4510 4889 | 4424 4048 
  0x0000028087b6febc: 894c 2438 | 4889 7424 | 3048 897c | 2478 4883 | ff00 488d | 4424 7848 | 0f44 4424 | 7848 8944 
  0x0000028087b6fedc: 2428 4c89 | 4c24 7049 | 83f9 0048 | 8d44 2470 | 480f 4444 | 2470 4889 | 4424 204c | 8944 2468 
  0x0000028087b6fefc: 4983 f800 | 4c8d 4c24 | 684c 0f44 | 4c24 6848 | 8954 2460 | 4883 fa00 | 4c8d 4424 | 604c 0f44 
  0x0000028087b6ff1c: ;   {oop(a 'java/lang/Class'{0x0000000713042fe0} = 'java/lang/ClassLoader')}
  0x0000028087b6ff1c: 4424 6049 | bee0 2f04 | 1307 0000 | 004c 89b4 | 2490 0000 | 004c 8db4 | 2490 0000 | 0049 8bd6 
  0x0000028087b6ff3c: ;   {internal_word}
  0x0000028087b6ff3c: c5f8 7749 | ba3c ffb6 | 8780 0200 | 004d 8997 | a003 0000 | 4989 a798 

  0x0000028087b6ff54: ;   {external_word}
  0x0000028087b6ff54: 0300 0049 | ba18 fab5 | c3fd 7f00 | 0041 803a | 000f 844e | 0000 0052 | 4150 4151 

  0x0000028087b6ff70: ;   {metadata({method} {0x0000028093025208} 'defineClass0' '(Ljava/lang/ClassLoader;Ljava/lang/Class;Ljava/lang/String;[BIILjava/security/ProtectionDomain;ZILjava/lang/Object;)Ljava/lang/Class;' in 'java/lang/ClassLoader')}
  0x0000028087b6ff70: 48ba 0052 | 0293 8002 | 0000 498b | cf48 83ec | 2040 f6c4 | 0f0f 8419 | 0000 0048 

  0x0000028087b6ff8c: ;   {runtime_call}
  0x0000028087b6ff8c: 83ec 0848 | b890 d76f | c3fd 7f00 | 00ff d048 | 83c4 08e9 | 0c00 0000 

  0x0000028087b6ffa4: ;   {runtime_call}
  0x0000028087b6ffa4: 48b8 90d7 | 6fc3 fd7f | 0000 ffd0 | 4883 c420 | 4159 4158 | 5a49 8d8f | b803 0000 | 41c7 8744 
  0x0000028087b6ffc4: 0400 0004 

  0x0000028087b6ffc8: ;   {runtime_call}
  0x0000028087b6ffc8: 0000 0048 | b81c 158e | 65fe 7f00 | 00ff d0c5 | f877 41c7 | 8744 0400 | 0005 0000 | 00f0 8344 
  0x0000028087b6ffe8: 24c0 0049 | 3baf 4804 | 0000 0f87 | 0e00 0000 | 4183 bf40 | 0400 0000 | 0f84 2b00 | 0000 c5f8 
  0x0000028087b70008: 7748 8945 | f849 8bcf | 4c8b e448 | 83ec 2048 

  0x0000028087b70018: ;   {runtime_call}
  0x0000028087b70018: 83e4 f048 | b820 143b | c3fd 7f00 | 00ff d049 | 8be4 4d33 | e448 8b45 | f841 c787 | 4404 0000 
  0x0000028087b70038: 0800 0000 | 4183 bfc0 | 0400 0002 | 0f84 a302 

  0x0000028087b70048: ;   {external_word}
  0x0000028087b70048: 0000 49ba | 18fa b5c3 | fd7f 0000 | 4180 3a00 | 0f84 4c00 | 0000 4889 

  0x0000028087b70060: ;   {metadata({method} {0x0000028093025208} 'defineClass0' '(Ljava/lang/ClassLoader;Ljava/lang/Class;Ljava/lang/String;[BIILjava/security/ProtectionDomain;ZILjava/lang/Object;)Ljava/lang/Class;' in 'java/lang/ClassLoader')}
  0x0000028087b70060: 45f8 48ba | 0052 0293 | 8002 0000 | 498b cf48 | 83ec 2040 | f6c4 0f0f | 8419 0000 | 0048 83ec 
  0x0000028087b70080: ;   {runtime_call}
  0x0000028087b70080: 0848 b890 | d76f c3fd | 7f00 00ff | d048 83c4 | 08e9 0c00 

  0x0000028087b70094: ;   {runtime_call}
  0x0000028087b70094: 0000 48b8 | 90d7 6fc3 | fd7f 0000 | ffd0 4883 | c420 488b | 45f8 49c7 | 8798 0300 | 0000 0000 
  0x0000028087b700b4: 0049 c787 | a003 0000 | 0000 0000 | c5f8 7748 | 85c0 0f84 | fe01 0000 | a803 0f85 | 0800 0000 
  0x0000028087b700d4: 488b 00e9 | ee01 0000 | a801 0f85 | 0900 0000 | 488b 40fe | e9dd 0100 | 0048 8b40 | ff41 807f 
  0x0000028087b700f4: 4000 0f84 | ce01 0000 | 4883 f800 | 0f84 c401 | 0000 498b | 4f28 4883 | f900 0f84 | 1400 0000 
  0x0000028087b70114: 4883 e908 | 4989 4f28 | 4903 4f38 | 4889 01e9 | a201 0000 | 4881 ecd0 | 0000 0048 | 8904 2448 
  0x0000028087b70134: 894c 2408 | 4889 5424 | 1048 8974 | 2418 4889 | 7c24 204c | 8944 2428 | 4c89 4c24 | 304c 8954 
  0x0000028087b70154: 2438 4c89 | 5c24 40c5 | fb11 4424 | 50c5 fb11 | 4c24 58c5 | fb11 5424 | 60c5 fb11 | 5c24 68c5 
  0x0000028087b70174: fb11 6424 | 70c5 fb11 | 6c24 78c5 | fb11 b424 | 8000 0000 | c5fb 11bc | 2488 0000 | 00c5 7b11 
  0x0000028087b70194: ;   {no_reloc}
  0x0000028087b70194: 8424 9000 | 0000 c57b | 118c 2498 | 0000 00c5 | 7b11 9424 | a000 0000 | c57b 119c | 24a8 0000 
  0x0000028087b701b4: 00c5 7b11 | a424 b000 | 0000 c57b | 11ac 24b8 | 0000 00c5 | 7b11 b424 | c000 0000 | c57b 11bc 
  0x0000028087b701d4: 24c8 0000 | 0049 8bd7 | 488b c848 | 83ec 2040 | f6c4 0f0f | 8419 0000 | 0048 83ec 

  0x0000028087b701f0: ;   {runtime_call}
  0x0000028087b701f0: 0848 b810 | 222e c3fd | 7f00 00ff | d048 83c4 | 08e9 0c00 

  0x0000028087b70204: ;   {runtime_call}
  0x0000028087b70204: 0000 48b8 | 1022 2ec3 | fd7f 0000 | ffd0 4883 | c420 c57b | 10bc 24c8 | 0000 00c5 | 7b10 b424 
  0x0000028087b70224: c000 0000 | c57b 10ac | 24b8 0000 | 00c5 7b10 | a424 b000 | 0000 c57b | 109c 24a8 | 0000 00c5 
  0x0000028087b70244: 7b10 9424 | a000 0000 | c57b 108c | 2498 0000 | 00c5 7b10 | 8424 9000 | 0000 c5fb | 10bc 2488 
  0x0000028087b70264: 0000 00c5 | fb10 b424 | 8000 0000 | c5fb 106c | 2478 c5fb | 1064 2470 | c5fb 105c | 2468 c5fb 
  0x0000028087b70284: 1054 2460 | c5fb 104c | 2458 c5fb | 1044 2450 | 4c8b 5c24 | 404c 8b54 | 2438 4c8b | 4c24 304c 
  0x0000028087b702a4: 8b44 2428 | 488b 7c24 | 2048 8b74 | 2418 488b | 5424 1048 | 8b4c 2408 | 488b 0424 | 4881 c4d0 
  0x0000028087b702c4: 0000 00c5 | f877 498b | 8f28 0400 | 00c7 8100 | 0100 0000 | 0000 00c9 | 4983 7f08 | 000f 8501 
  0x0000028087b702e4: 0000 00c3 

  0x0000028087b702e8: ;   {runtime_call StubRoutines (initial stubs)}
  0x0000028087b702e8: e913 0c9c | ffc5 f877 | 4889 45f8 | 4c8b e448 | 83ec 2048 

  0x0000028087b702fc: ;   {runtime_call}
  0x0000028087b702fc: 83e4 f048 | b8e0 0e70 | c3fd 7f00 | 00ff d049 | 8be4 4d33 | e448 8b45 | f8e9 30fd | ffff f4f4 
  0x0000028087b7031c: f4f4 f4f4 
[/MachCode]


Compiled method (c1) 1195 1391       3       java.lang.invoke.DirectMethodHandle::preparedLambdaForm (31 bytes)
 total in heap  [0x0000028080269890,0x000002808026a0f0] = 2144
 relocation     [0x00000280802699f0,0x0000028080269a80] = 144
 main code      [0x0000028080269a80,0x0000028080269ed0] = 1104
 stub code      [0x0000028080269ed0,0x0000028080269f38] = 104
 metadata       [0x0000028080269f38,0x0000028080269f68] = 48
 scopes data    [0x0000028080269f68,0x0000028080269fd0] = 104
 scopes pcs     [0x0000028080269fd0,0x000002808026a0b0] = 224
 dependencies   [0x000002808026a0b0,0x000002808026a0c0] = 16
 nul chk table  [0x000002808026a0c0,0x000002808026a0f0] = 48

[Constant Pool (empty)]

[MachCode]
[Verified Entry Point]
  # {method} {0x0000028093092a20} 'preparedLambdaForm' '(Ljava/lang/invoke/MethodType;I)Ljava/lang/invoke/LambdaForm;' in 'java/lang/invoke/DirectMethodHandle'
  # parm0:    rdx:rdx   = 'java/lang/invoke/MethodType'
  # parm1:    r8        = int
  #           [sp+0x60]  (sp of caller)
  0x0000028080269a80: 8984 2400 | 80ff ff55 | 4883 ec50 | 4181 7f20 | 0100 0000 

  0x0000028080269a94: ;   {runtime_call StubRoutines (final stubs)}
  0x0000028080269a94: 7405 e8c5 | 0030 0748 | 8954 2438 | 4489 4424 

  0x0000028080269aa4: ;   {metadata(method data for {method} {0x0000028093092a20} 'preparedLambdaForm' '(Ljava/lang/invoke/MethodType;I)Ljava/lang/invoke/LambdaForm;' in 'java/lang/invoke/DirectMethodHandle')}
  0x0000028080269aa4: 4048 be08 | 37d8 9380 | 0200 008b | becc 0000 | 0083 c702 | 89be cc00 | 0000 81e7 | fe07 0000 
  0x0000028080269ac4: 85ff 0f84 | 3b03 0000 

  0x0000028080269acc: ; implicit exception: dispatches to 0x0000028080269e28
  0x0000028080269acc: 483b 0248 

  0x0000028080269ad0: ;   {metadata(method data for {method} {0x0000028093092a20} 'preparedLambdaForm' '(Ljava/lang/invoke/MethodType;I)Ljava/lang/invoke/LambdaForm;' in 'java/lang/invoke/DirectMethodHandle')}
  0x0000028080269ad0: 8bf2 48bf | 0837 d893 | 8002 0000 | 4883 8710 | 0100 0001 | 8b72 1448 | c1e6 0348 | 3b06 488b 
  0x0000028080269af0: ;   {metadata(method data for {method} {0x0000028093092a20} 'preparedLambdaForm' '(Ljava/lang/invoke/MethodType;I)Ljava/lang/invoke/LambdaForm;' in 'java/lang/invoke/DirectMethodHandle')}
  0x0000028080269af0: fe48 bb08 | 37d8 9380 | 0200 0048 | 8383 4801 

  0x0000028080269b00: ;   {metadata(method data for {method} {0x00000280934c7d18} 'cachedLambdaForm' '(I)Ljava/lang/invoke/LambdaForm;' in 'java/lang/invoke/MethodTypeForm')}
  0x0000028080269b00: 0000 0148 | bf28 45a6 | 9380 0200 | 008b 9fcc | 0000 0083 | c302 899f | cc00 0000 | 81e3 feff 
  0x0000028080269b20: 1f00 85db | 0f84 0803 | 0000 8b76 | 1c48 c1e6 | 038b 7e0c | 413b f80f | 861b 0300 | 0049 63f8 
  0x0000028080269b40: 8b74 be10 | 48c1 e603 

  0x0000028080269b48: ;   {metadata(method data for {method} {0x00000280934c7d18} 'cachedLambdaForm' '(I)Ljava/lang/invoke/LambdaForm;' in 'java/lang/invoke/MethodTypeForm')}
  0x0000028080269b48: 4885 f648 | bf28 45a6 | 9380 0200 | 0048 c7c3 | 1001 0000 | 7407 48c7 | c320 0100 | 0048 8b04 
  0x0000028080269b68: 1f48 8d40 | 0148 8904 | 1f0f 84aa | 0100 0048 | 3b06 488b 

  0x0000028080269b7c: ;   {metadata(method data for {method} {0x00000280934c7d18} 'cachedLambdaForm' '(I)Ljava/lang/invoke/LambdaForm;' in 'java/lang/invoke/MethodTypeForm')}
  0x0000028080269b7c: fe48 bb28 | 45a6 9380 | 0200 008b | 7f08 49ba | 0000 0000 | 0800 0000 | 4903 fa48 | 3bbb 4001 
  0x0000028080269b9c: 0000 750d | 4883 8348 | 0100 0001 | e960 0000 | 0048 3bbb | 5001 0000 | 750d 4883 | 8358 0100 
  0x0000028080269bbc: 0001 e94a | 0000 0048 | 83bb 4001 | 0000 0075 | 1748 89bb | 4001 0000 | 48c7 8348 | 0100 0001 
  0x0000028080269bdc: 0000 00e9 | 2900 0000 | 4883 bb50 | 0100 0000 | 7517 4889 | bb50 0100 | 0048 c783 | 5801 0000 
  0x0000028080269bfc: 0100 0000 | e908 0000 | 0048 8383 | 3001 0000 | 0148 8bd6 | 0f1f 8000 

  0x0000028080269c14: ;   {optimized virtual_call}
  0x0000028080269c14: 0000 00e8 

  0x0000028080269c18: ; ImmutableOopMap {[56]=Oop }
                      ;*invokevirtual get {reexecute=0 rethrow=0 return_oop=0}
                      ; - java.lang.invoke.MethodTypeForm::cachedLambdaForm@12
                      ; - java.lang.invoke.DirectMethodHandle::preparedLambdaForm@5
  0x0000028080269c18: 4447 f2ff 

  0x0000028080269c1c: ;   {other}
  0x0000028080269c1c: 0f1f 8400 | 8c03 0000 | 4885 c075 

  0x0000028080269c28: ;   {metadata(method data for {method} {0x00000280934c7d18} 'cachedLambdaForm' '(I)Ljava/lang/invoke/LambdaForm;' in 'java/lang/invoke/MethodTypeForm')}
  0x0000028080269c28: 1749 b828 | 45a6 9380 | 0200 0041 | 8088 6101 | 0000 01e9 | cc00 0000 

  0x0000028080269c40: ;   {metadata('java/lang/invoke/LambdaForm')}
  0x0000028080269c40: 48be a006 | 0500 0800 | 0000 8b50 | 0849 ba00 | 0000 0008 | 0000 0049 | 03d2 483b | f20f 858d 
  0x0000028080269c60: ;   {metadata(method data for {method} {0x00000280934c7d18} 'cachedLambdaForm' '(I)Ljava/lang/invoke/LambdaForm;' in 'java/lang/invoke/MethodTypeForm')}
  0x0000028080269c60: 0000 0049 | b828 45a6 | 9380 0200 | 008b 7008 | 49ba 0000 | 0000 0800 | 0000 4903 | f249 3bb0 
  0x0000028080269c80: 7801 0000 | 750d 4983 | 8080 0100 | 0001 e979 | 0000 0049 | 3bb0 8801 | 0000 750d | 4983 8090 
  0x0000028080269ca0: 0100 0001 | e963 0000 | 0049 83b8 | 7801 0000 | 0075 1749 | 89b0 7801 | 0000 49c7 | 8080 0100 
  0x0000028080269cc0: 0001 0000 | 00e9 4200 | 0000 4983 | b888 0100 | 0000 7517 | 4989 b088 | 0100 0049 | c780 9001 
  0x0000028080269ce0: 0000 0100 | 0000 e921 | 0000 00e9 | 1c00 0000 

  0x0000028080269cf0: ;   {metadata(method data for {method} {0x00000280934c7d18} 'cachedLambdaForm' '(I)Ljava/lang/invoke/LambdaForm;' in 'java/lang/invoke/MethodTypeForm')}
  0x0000028080269cf0: 49b8 2845 | a693 8002 | 0000 4983 | a868 0100 | 0001 e964 | 0100 00e9 | 0000 0000 

  0x0000028080269d0c: ;   {metadata(method data for {method} {0x00000280934c7d18} 'cachedLambdaForm' '(I)Ljava/lang/invoke/LambdaForm;' in 'java/lang/invoke/MethodTypeForm')}
  0x0000028080269d0c: 48ba 2845 | a693 8002 | 0000 ff82 | a001 0000 | e90a 0000 

  0x0000028080269d20: ;   {oop(nullptr)}
  0x0000028080269d20: 0048 b800 | 0000 0000 | 0000 0048 

  0x0000028080269d2c: ;   {metadata(method data for {method} {0x0000028093092a20} 'preparedLambdaForm' '(Ljava/lang/invoke/MethodType;I)Ljava/lang/invoke/LambdaForm;' in 'java/lang/invoke/DirectMethodHandle')}
  0x0000028080269d2c: 85c0 48ba | 0837 d893 | 8002 0000 | 49c7 c080 | 0100 0074 | 0749 c7c0 | 9001 0000 | 4a8b 3402 
  0x0000028080269d4c: 488d 7601 | 4a89 3402 | 0f84 1300 | 0000 4883 

  0x0000028080269d5c: ;   {poll_return}
  0x0000028080269d5c: c450 5d49 | 3ba7 4804 | 0000 0f87 | 0801 0000 | c344 8b44 | 2440 488b 

  0x0000028080269d74: ;   {metadata(method data for {method} {0x0000028093092a20} 'preparedLambdaForm' '(Ljava/lang/invoke/MethodType;I)Ljava/lang/invoke/LambdaForm;' in 'java/lang/invoke/DirectMethodHandle')}
  0x0000028080269d74: 5424 3848 | be08 37d8 | 9380 0200 | 0048 8386 | a001 0000 | 0148 8bf2 | 488b d649 | 8bf8 4c8b 
  0x0000028080269d94: ;   {static_call}
  0x0000028080269d94: c766 90e8 

  0x0000028080269d98: ; ImmutableOopMap {[56]=Oop }
                      ;*invokestatic makePreparedLambdaForm {reexecute=0 rethrow=0 return_oop=0}
                      ; - java.lang.invoke.DirectMethodHandle::preparedLambdaForm@17
  0x0000028080269d98: 4801 0000 

  0x0000028080269d9c: ;   {other}
  0x0000028080269d9c: 0f1f 8400 | 0c05 0001 | 488b 5424 

  0x0000028080269da8: ;   {metadata(method data for {method} {0x0000028093092a20} 'preparedLambdaForm' '(Ljava/lang/invoke/MethodType;I)Ljava/lang/invoke/LambdaForm;' in 'java/lang/invoke/DirectMethodHandle')}
  0x0000028080269da8: 3849 b808 | 37d8 9380 | 0200 0049 | 8380 b001 | 0000 0148 | 8b54 2438 | 8b52 1448 | c1e2 0348 
  0x0000028080269dc8: 3b02 4c8b 

  0x0000028080269dcc: ;   {metadata(method data for {method} {0x0000028093092a20} 'preparedLambdaForm' '(Ljava/lang/invoke/MethodType;I)Ljava/lang/invoke/LambdaForm;' in 'java/lang/invoke/DirectMethodHandle')}
  0x0000028080269dcc: c249 b908 | 37d8 9380 | 0200 0049 | 8381 e801 | 0000 0144 | 8b44 2440 

  0x0000028080269de4: ;   {optimized virtual_call}
  0x0000028080269de4: 4c8b c8e8 

  0x0000028080269de8: ; ImmutableOopMap {}
                      ;*invokevirtual setCachedLambdaForm {reexecute=0 rethrow=0 return_oop=0}
                      ; - java.lang.invoke.DirectMethodHandle::preparedLambdaForm@27
  0x0000028080269de8: 0701 0000 

  0x0000028080269dec: ;   {other}
  0x0000028080269dec: 0f1f 8400 | 5c05 0002 | 4883 c450 

  0x0000028080269df8: ;   {poll_return}
  0x0000028080269df8: 5d49 3ba7 | 4804 0000 | 0f87 8900 

  0x0000028080269e04: ;   {metadata({method} {0x0000028093092a20} 'preparedLambdaForm' '(Ljava/lang/invoke/MethodType;I)Ljava/lang/invoke/LambdaForm;' in 'java/lang/invoke/DirectMethodHandle')}
  0x0000028080269e04: 0000 c349 | ba18 2a09 | 9380 0200 | 004c 8954 | 2408 48c7 | 0424 ffff 

  0x0000028080269e1c: ;   {runtime_call counter_overflow Runtime1 stub}
  0x0000028080269e1c: ffff e85d 

  0x0000028080269e20: ; ImmutableOopMap {rdx=Oop [56]=Oop }
                      ;*synchronization entry
                      ; - java.lang.invoke.DirectMethodHandle::preparedLambdaForm@-1
  0x0000028080269e20: 853d 07e9 | a4fc ffff 

  0x0000028080269e28: ;   {runtime_call throw_null_pointer_exception Runtime1 stub}
  0x0000028080269e28: e8d3 2a3d 

  0x0000028080269e2c: ; ImmutableOopMap {rdx=Oop [56]=Oop }
                      ;*invokevirtual form {reexecute=0 rethrow=0 return_oop=0}
                      ; - java.lang.invoke.DirectMethodHandle::preparedLambdaForm@1
                      ;   {runtime_call throw_null_pointer_exception Runtime1 stub}
  0x0000028080269e2c: 07e8 ce2a 

  0x0000028080269e30: ; ImmutableOopMap {rdx=Oop rsi=Oop [56]=Oop }
                      ;*invokevirtual cachedLambdaForm {reexecute=0 rethrow=0 return_oop=0}
                      ; - java.lang.invoke.DirectMethodHandle::preparedLambdaForm@5
                      ;   {metadata({method} {0x00000280934c7d18} 'cachedLambdaForm' '(I)Ljava/lang/invoke/LambdaForm;' in 'java/lang/invoke/MethodTypeForm')}
  0x0000028080269e30: 3d07 49ba | 107d 4c93 | 8002 0000 | 4c89 5424 | 0848 c704 | 24ff ffff 

  0x0000028080269e48: ;   {runtime_call counter_overflow Runtime1 stub}
  0x0000028080269e48: ffe8 3285 

  0x0000028080269e4c: ; ImmutableOopMap {rdx=Oop rsi=Oop [56]=Oop }
                      ;*synchronization entry
                      ; - java.lang.invoke.MethodTypeForm::cachedLambdaForm@-1
                      ; - java.lang.invoke.DirectMethodHandle::preparedLambdaForm@5
  0x0000028080269e4c: 3d07 e9d7 

  0x0000028080269e50: ;   {runtime_call throw_null_pointer_exception Runtime1 stub}
  0x0000028080269e50: fcff ffe8 

  0x0000028080269e54: ; ImmutableOopMap {rdx=Oop rsi=Oop [56]=Oop }
                      ;*aaload {reexecute=0 rethrow=0 return_oop=0}
                      ; - java.lang.invoke.MethodTypeForm::cachedLambdaForm@5
                      ; - java.lang.invoke.DirectMethodHandle::preparedLambdaForm@5
  0x0000028080269e54: a82a 3d07 | 4c89 0424 | 4889 7424 

  0x0000028080269e60: ;   {runtime_call throw_range_check_failed Runtime1 stub}
  0x0000028080269e60: 08e8 9a21 

  0x0000028080269e64: ; ImmutableOopMap {rdx=Oop rsi=Oop [56]=Oop }
                      ;*aaload {reexecute=0 rethrow=0 return_oop=0}
                      ; - java.lang.invoke.MethodTypeForm::cachedLambdaForm@5
                      ; - java.lang.invoke.DirectMethodHandle::preparedLambdaForm@5
                      ;   {runtime_call throw_null_pointer_exception Runtime1 stub}
  0x0000028080269e64: 3d07 e895 

  0x0000028080269e68: ; ImmutableOopMap {rsi=Oop [56]=Oop }
                      ;*invokevirtual get {reexecute=0 rethrow=0 return_oop=0}
                      ; - java.lang.invoke.MethodTypeForm::cachedLambdaForm@12
                      ; - java.lang.invoke.DirectMethodHandle::preparedLambdaForm@5
  0x0000028080269e68: 2a3d 0748 

  0x0000028080269e6c: ;   {runtime_call throw_class_cast_exception Runtime1 stub}
  0x0000028080269e6c: 8904 24e8 

  0x0000028080269e70: ; ImmutableOopMap {[56]=Oop }
                      ;*checkcast {reexecute=0 rethrow=0 return_oop=0}
                      ; - java.lang.invoke.MethodTypeForm::cachedLambdaForm@15
                      ; - java.lang.invoke.DirectMethodHandle::preparedLambdaForm@5
  0x0000028080269e70: 8c4e 3d07 

  0x0000028080269e74: ;   {internal_word}
  0x0000028080269e74: 49ba 5f9d | 2680 8002 | 0000 4d89 | 9760 0400 

  0x0000028080269e84: ;   {runtime_call SafepointBlob}
  0x0000028080269e84: 00e9 76b8 

  0x0000028080269e88: ;   {runtime_call throw_null_pointer_exception Runtime1 stub}
  0x0000028080269e88: 3107 e871 

  0x0000028080269e8c: ; ImmutableOopMap {rax=Oop rdx=Oop }
                      ;*invokevirtual setCachedLambdaForm {reexecute=0 rethrow=0 return_oop=0}
                      ; - java.lang.invoke.DirectMethodHandle::preparedLambdaForm@27
                      ;   {internal_word}
  0x0000028080269e8c: 2a3d 0749 | baf9 9d26 | 8080 0200 | 004d 8997 | 6004 0000 

  0x0000028080269ea0: ;   {runtime_call SafepointBlob}
  0x0000028080269ea0: e95b b831 | 0749 8b87 | f804 0000 | 49c7 87f8 | 0400 0000 | 0000 0049 | c787 0005 | 0000 0000 
  0x0000028080269ec0: 0000 4883 

  0x0000028080269ec4: ;   {runtime_call unwind_exception Runtime1 stub}
  0x0000028080269ec4: c450 5de9 | 341b 3d07 | f4f4 f4f4 
[Stub Code]
  0x0000028080269ed0: ;   {no_reloc}
  0x0000028080269ed0: 0f1f 4400 

  0x0000028080269ed4: ;   {static_stub}
  0x0000028080269ed4: 0048 bb00 | 0000 0000 

  0x0000028080269edc: ;   {runtime_call nmethod}
  0x0000028080269edc: 0000 00e9 | fbff ffff 

  0x0000028080269ee4: ;   {static_stub}
  0x0000028080269ee4: 48bb d02d | 0993 8002 

  0x0000028080269eec: ;   {runtime_call I2C/C2I adapters}
  0x0000028080269eec: 0000 e974 

  0x0000028080269ef0: ;   {static_stub}
  0x0000028080269ef0: 9e31 0748 | bb00 7e4c | 9380 0200 

  0x0000028080269efc: ;   {runtime_call I2C/C2I adapters}
  0x0000028080269efc: 00e9 6991 

  0x0000028080269f00: ;   {runtime_call handle_exception_from_callee Runtime1 stub}
  0x0000028080269f00: 2f07 e8f9 

  0x0000028080269f04: ;   {external_word}
  0x0000028080269f04: 473d 0748 | b970 6190 | c3fd 7f00 | 0048 83e4 

  0x0000028080269f14: ;   {runtime_call}
  0x0000028080269f14: f048 b810 | cd5e c3fd | 7f00 00ff 

  0x0000028080269f20: ;   {section_word}
  0x0000028080269f20: d0f4 49ba | 229f 2680 | 8002 0000 

  0x0000028080269f2c: ;   {runtime_call DeoptimizationBlob}
  0x0000028080269f2c: 4152 e96d | aa31 07f4 | f4f4 f4f4 
[/MachCode]


Compiled method (c1) 1204 1506       3       java.lang.invoke.DirectMethodHandle::preparedLambdaForm (6 bytes)
 total in heap  [0x00000280802a1110,0x00000280802a1448] = 824
 relocation     [0x00000280802a1270,0x00000280802a12b0] = 64
 main code      [0x00000280802a12c0,0x00000280802a13a0] = 224
 stub code      [0x00000280802a13a0,0x00000280802a13e0] = 64
 metadata       [0x00000280802a13e0,0x00000280802a13e8] = 8
 scopes data    [0x00000280802a13e8,0x00000280802a1400] = 24
 scopes pcs     [0x00000280802a1400,0x00000280802a1440] = 64
 dependencies   [0x00000280802a1440,0x00000280802a1448] = 8

[Constant Pool (empty)]

[MachCode]
[Verified Entry Point]
  # {method} {0x0000028093092958} 'preparedLambdaForm' '(Ljava/lang/invoke/MemberName;)Ljava/lang/invoke/LambdaForm;' in 'java/lang/invoke/DirectMethodHandle'
  # parm0:    rdx:rdx   = 'java/lang/invoke/MemberName'
  #           [sp+0x30]  (sp of caller)
  0x00000280802a12c0: 8984 2400 | 80ff ff55 | 4883 ec20 | 4181 7f20 | 0100 0000 

  0x00000280802a12d4: ;   {runtime_call StubRoutines (final stubs)}
  0x00000280802a12d4: 7405 e885 

  0x00000280802a12d8: ;   {metadata(method data for {method} {0x0000028093092958} 'preparedLambdaForm' '(Ljava/lang/invoke/MemberName;)Ljava/lang/invoke/LambdaForm;' in 'java/lang/invoke/DirectMethodHandle')}
  0x00000280802a12d8: 882c 0749 | b880 adda | 9380 0200 | 0041 8bb0 | cc00 0000 | 83c6 0241 | 89b0 cc00 | 0000 81e6 
  0x00000280802a12f8: fe07 0000 | 85f6 0f84 | 3b00 0000 

  0x00000280802a1304: ;   {metadata(method data for {method} {0x0000028093092958} 'preparedLambdaForm' '(Ljava/lang/invoke/MemberName;)Ljava/lang/invoke/LambdaForm;' in 'java/lang/invoke/DirectMethodHandle')}
  0x00000280802a1304: 49b8 80ad | da93 8002 | 0000 4983 | 8010 0100 | 0001 41b8 | 0000 0000 

  0x00000280802a131c: ;   {static_call}
  0x00000280802a131c: 6666 90e8 

  0x00000280802a1320: ; ImmutableOopMap {}
                      ;*invokestatic preparedLambdaForm {reexecute=0 rethrow=0 return_oop=0}
                      ; - java.lang.invoke.DirectMethodHandle::preparedLambdaForm@2
  0x00000280802a1320: 7c00 0000 

  0x00000280802a1324: ;   {other}
  0x00000280802a1324: 0f1f 8400 | 1402 0000 | 4883 c420 

  0x00000280802a1330: ;   {poll_return}
  0x00000280802a1330: 5d49 3ba7 | 4804 0000 | 0f87 1f00 

  0x00000280802a133c: ;   {metadata({method} {0x0000028093092958} 'preparedLambdaForm' '(Ljava/lang/invoke/MemberName;)Ljava/lang/invoke/LambdaForm;' in 'java/lang/invoke/DirectMethodHandle')}
  0x00000280802a133c: 0000 c349 | ba50 2909 | 9380 0200 | 004c 8954 | 2408 48c7 | 0424 ffff 

  0x00000280802a1354: ;   {runtime_call counter_overflow Runtime1 stub}
  0x00000280802a1354: ffff e825 

  0x00000280802a1358: ; ImmutableOopMap {rdx=Oop }
                      ;*synchronization entry
                      ; - java.lang.invoke.DirectMethodHandle::preparedLambdaForm@-1
  0x00000280802a1358: 103a 07eb 

  0x00000280802a135c: ;   {internal_word}
  0x00000280802a135c: a749 ba31 | 132a 8080 | 0200 004d | 8997 6004 

  0x00000280802a136c: ;   {runtime_call SafepointBlob}
  0x00000280802a136c: 0000 e98d | 432e 0749 | 8b87 f804 | 0000 49c7 | 87f8 0400 | 0000 0000 | 0049 c787 | 0005 0000 
  0x00000280802a138c: 0000 0000 | 4883 c420 

  0x00000280802a1394: ;   {runtime_call unwind_exception Runtime1 stub}
  0x00000280802a1394: 5de9 66a6 | 3907 f4f4 | f4f4 f4f4 
[Stub Code]
  0x00000280802a13a0: ;   {no_reloc}
  0x00000280802a13a0: 48bb 7828 | 0993 8002 

  0x00000280802a13a8: ;   {runtime_call I2C/C2I adapters}
  0x00000280802a13a8: 0000 e9b8 

  0x00000280802a13ac: ;   {runtime_call handle_exception_from_callee Runtime1 stub}
  0x00000280802a13ac: 292e 07e8 | 4cd3 3907 

  0x00000280802a13b4: ;   {external_word}
  0x00000280802a13b4: 48b9 7061 | 90c3 fd7f | 0000 4883 

  0x00000280802a13c0: ;   {runtime_call}
  0x00000280802a13c0: e4f0 48b8 | 10cd 5ec3 | fd7f 0000 

  0x00000280802a13cc: ;   {section_word}
  0x00000280802a13cc: ffd0 f449 | bacf 132a | 8080 0200 

  0x00000280802a13d8: ;   {runtime_call DeoptimizationBlob}
  0x00000280802a13d8: 0041 52e9 | c035 2e07 
[/MachCode]


---------------  P R O C E S S  ---------------

Threads class SMR info:
_java_thread_list=0x0000028098338000, length=15, elements={
0x00000280f5a46aa0, 0x000002809706f410, 0x000002809707c4d0, 0x00000280970721e0,
0x000002809709ef10, 0x000002809709f970, 0x00000280970a03d0, 0x00000280970a2510,
0x00000280970bdd90, 0x00000280970defc0, 0x0000028097276330, 0x0000028097562a40,
0x00000280976bffd0, 0x0000028097e2cde0, 0x000002809860bb90
}

Java Threads: ( => current thread )
  0x00000280f5a46aa0 JavaThread "main"                              [_thread_blocked, id=25908, stack(0x000000cc51d00000,0x000000cc51e00000) (1024K)]
  0x000002809706f410 JavaThread "Common-Cleaner"             daemon [_thread_blocked, id=26476, stack(0x000000cc52500000,0x000000cc52600000) (1024K)]
  0x000002809707c4d0 JavaThread "Reference Handler"          daemon [_thread_blocked, id=17528, stack(0x000000cc52600000,0x000000cc52700000) (1024K)]
  0x00000280970721e0 JavaThread "Finalizer"                  daemon [_thread_blocked, id=28140, stack(0x000000cc52700000,0x000000cc52800000) (1024K)]
  0x000002809709ef10 JavaThread "Signal Dispatcher"          daemon [_thread_blocked, id=23180, stack(0x000000cc52800000,0x000000cc52900000) (1024K)]
  0x000002809709f970 JavaThread "Attach Listener"            daemon [_thread_blocked, id=2068, stack(0x000000cc52900000,0x000000cc52a00000) (1024K)]
  0x00000280970a03d0 JavaThread "Service Thread"             daemon [_thread_blocked, id=16136, stack(0x000000cc52a00000,0x000000cc52b00000) (1024K)]
  0x00000280970a2510 JavaThread "Monitor Deflation Thread"   daemon [_thread_blocked, id=21472, stack(0x000000cc52b00000,0x000000cc52c00000) (1024K)]
  0x00000280970bdd90 JavaThread "C2 CompilerThread0"         daemon [_thread_blocked, id=18880, stack(0x000000cc52c00000,0x000000cc52d00000) (1024K)]
  0x00000280970defc0 JavaThread "C1 CompilerThread0"         daemon [_thread_blocked, id=24368, stack(0x000000cc52d00000,0x000000cc52e00000) (1024K)]
  0x0000028097276330 JavaThread "Notification Thread"        daemon [_thread_blocked, id=18656, stack(0x000000cc52e00000,0x000000cc52f00000) (1024K)]
  0x0000028097562a40 JavaThread "C2 CompilerThread1"         daemon [_thread_blocked, id=6928, stack(0x000000cc52f00000,0x000000cc53000000) (1024K)]
  0x00000280976bffd0 JavaThread "C2 CompilerThread2"         daemon [_thread_blocked, id=864, stack(0x000000cc53500000,0x000000cc53600000) (1024K)]
  0x0000028097e2cde0 JavaThread "pool-1-thread-1"                   [_thread_blocked, id=26316, stack(0x000000cc53600000,0x000000cc53700000) (1024K)]
=>0x000002809860bb90 JavaThread "Exec process"                      [_thread_in_vm, id=22708, stack(0x000000cc53700000,0x000000cc53800000) (1024K)]
Total: 15

Other Threads:
  0x0000028097023070 VMThread "VM Thread"                           [id=16656, stack(0x000000cc52400000,0x000000cc52500000) (1024K)]
  0x00000280ff10a4d0 WatcherThread "VM Periodic Task Thread"        [id=14216, stack(0x000000cc52300000,0x000000cc52400000) (1024K)]
  0x00000280f7ed0840 WorkerThread "GC Thread#0"                     [id=15648, stack(0x000000cc51e00000,0x000000cc51f00000) (1024K)]
  0x00000280976bddc0 WorkerThread "GC Thread#1"                     [id=16188, stack(0x000000cc53000000,0x000000cc53100000) (1024K)]
  0x00000280976be160 WorkerThread "GC Thread#2"                     [id=7248, stack(0x000000cc53100000,0x000000cc53200000) (1024K)]
  0x00000280976be500 WorkerThread "GC Thread#3"                     [id=26552, stack(0x000000cc53200000,0x000000cc53300000) (1024K)]
  0x00000280976be8a0 WorkerThread "GC Thread#4"                     [id=26780, stack(0x000000cc53300000,0x000000cc53400000) (1024K)]
  0x00000280976bec40 WorkerThread "GC Thread#5"                     [id=25008, stack(0x000000cc53400000,0x000000cc53500000) (1024K)]
  0x00000280f7ee1270 ConcurrentGCThread "G1 Main Marker"            [id=4200, stack(0x000000cc51f00000,0x000000cc52000000) (1024K)]
  0x00000280f7ee2ac0 WorkerThread "G1 Conc#0"                       [id=11956, stack(0x000000cc52000000,0x000000cc52100000) (1024K)]
  0x00000280f7f2e030 ConcurrentGCThread "G1 Refine#0"               [id=17568, stack(0x000000cc52100000,0x000000cc52200000) (1024K)]
  0x00000280f7f2eab0 ConcurrentGCThread "G1 Service"                [id=10152, stack(0x000000cc52200000,0x000000cc52300000) (1024K)]
Total: 12

Threads with active compile tasks:
Total: 0

VM state: not at safepoint (normal execution)

VM Mutex/Monitor currently owned by a thread:  ([mutex/lock_event])
[0x00007ffdc3b76438] Metaspace_lock - owner thread: 0x000002809860bb90

Heap address: 0x0000000704c00000, size: 4020 MB, Compressed Oops mode: Zero based, Oop shift amount: 3

CDS archive(s) not mapped
Compressed class space mapped at: 0x0000000800000000-0x0000000840000000, reserved size: 1073741824
Narrow klass base: 0x0000000800000000, Narrow klass shift: 0, Narrow klass range: 0x40000000

GC Precious Log:
 CardTable entry size: 512
 Card Set container configuration: InlinePtr #cards 4 size 8 Array Of Cards #cards 16 size 48 Howl #buckets 8 coarsen threshold 3686 Howl Bitmap #cards 512 size 80 coarsen threshold 460 Card regions per heap region 1 cards per card region 4096
 CPUs: 12 total, 12 available
 Memory: 16076M
 Large Page Support: Disabled
 NUMA Support: Disabled
 Compressed Oops: Enabled (Zero based)
 Heap Region Size: 2M
 Heap Min Capacity: 8M
 Heap Initial Capacity: 252M
 Heap Max Capacity: 4020M
 Pre-touch: Disabled
 Parallel Workers: 10
 Concurrent Workers: 3
 Concurrent Refinement Workers: 10
 Periodic GC: Disabled

Heap:
 garbage-first heap   total 258048K, used 42833K [0x0000000704c00000, 0x0000000800000000)
  region size 2048K, 21 young (43008K), 1 survivors (2048K)
 Metaspace       used 17078K, committed 17408K, reserved 1114112K
  class space    used 2043K, committed 2240K, reserved 1048576K

Heap Regions: E=young(eden), S=young(survivor), O=old, HS=humongous(starts), HC=humongous(continues), CS=collection set, F=free, TAMS=top-at-mark-start, PB=parsable bottom
|   0|0x0000000704c00000, 0x0000000704e00000, 0x0000000704e00000|100%|HS|  |TAMS 0x0000000704c00000| PB 0x0000000704c00000| Complete 
|   1|0x0000000704e00000, 0x0000000705000000, 0x0000000705000000|100%|HC|  |TAMS 0x0000000704e00000| PB 0x0000000704e00000| Complete 
|   2|0x0000000705000000, 0x0000000705000000, 0x0000000705200000|  0%| F|  |TAMS 0x0000000705000000| PB 0x0000000705000000| Untracked 
|   3|0x0000000705200000, 0x0000000705200000, 0x0000000705400000|  0%| F|  |TAMS 0x0000000705200000| PB 0x0000000705200000| Untracked 
|   4|0x0000000705400000, 0x0000000705400000, 0x0000000705600000|  0%| F|  |TAMS 0x0000000705400000| PB 0x0000000705400000| Untracked 
|   5|0x0000000705600000, 0x0000000705600000, 0x0000000705800000|  0%| F|  |TAMS 0x0000000705600000| PB 0x0000000705600000| Untracked 
|   6|0x0000000705800000, 0x0000000705800000, 0x0000000705a00000|  0%| F|  |TAMS 0x0000000705800000| PB 0x0000000705800000| Untracked 
|   7|0x0000000705a00000, 0x0000000705a00000, 0x0000000705c00000|  0%| F|  |TAMS 0x0000000705a00000| PB 0x0000000705a00000| Untracked 
|   8|0x0000000705c00000, 0x0000000705c00000, 0x0000000705e00000|  0%| F|  |TAMS 0x0000000705c00000| PB 0x0000000705c00000| Untracked 
|   9|0x0000000705e00000, 0x0000000705e00000, 0x0000000706000000|  0%| F|  |TAMS 0x0000000705e00000| PB 0x0000000705e00000| Untracked 
|  10|0x0000000706000000, 0x0000000706000000, 0x0000000706200000|  0%| F|  |TAMS 0x0000000706000000| PB 0x0000000706000000| Untracked 
|  11|0x0000000706200000, 0x0000000706200000, 0x0000000706400000|  0%| F|  |TAMS 0x0000000706200000| PB 0x0000000706200000| Untracked 
|  12|0x0000000706400000, 0x0000000706400000, 0x0000000706600000|  0%| F|  |TAMS 0x0000000706400000| PB 0x0000000706400000| Untracked 
|  13|0x0000000706600000, 0x0000000706600000, 0x0000000706800000|  0%| F|  |TAMS 0x0000000706600000| PB 0x0000000706600000| Untracked 
|  14|0x0000000706800000, 0x0000000706800000, 0x0000000706a00000|  0%| F|  |TAMS 0x0000000706800000| PB 0x0000000706800000| Untracked 
|  15|0x0000000706a00000, 0x0000000706a00000, 0x0000000706c00000|  0%| F|  |TAMS 0x0000000706a00000| PB 0x0000000706a00000| Untracked 
|  16|0x0000000706c00000, 0x0000000706c00000, 0x0000000706e00000|  0%| F|  |TAMS 0x0000000706c00000| PB 0x0000000706c00000| Untracked 
|  17|0x0000000706e00000, 0x0000000706e00000, 0x0000000707000000|  0%| F|  |TAMS 0x0000000706e00000| PB 0x0000000706e00000| Untracked 
|  18|0x0000000707000000, 0x0000000707000000, 0x0000000707200000|  0%| F|  |TAMS 0x0000000707000000| PB 0x0000000707000000| Untracked 
|  19|0x0000000707200000, 0x0000000707200000, 0x0000000707400000|  0%| F|  |TAMS 0x0000000707200000| PB 0x0000000707200000| Untracked 
|  20|0x0000000707400000, 0x0000000707400000, 0x0000000707600000|  0%| F|  |TAMS 0x0000000707400000| PB 0x0000000707400000| Untracked 
|  21|0x0000000707600000, 0x0000000707600000, 0x0000000707800000|  0%| F|  |TAMS 0x0000000707600000| PB 0x0000000707600000| Untracked 
|  22|0x0000000707800000, 0x0000000707800000, 0x0000000707a00000|  0%| F|  |TAMS 0x0000000707800000| PB 0x0000000707800000| Untracked 
|  23|0x0000000707a00000, 0x0000000707a00000, 0x0000000707c00000|  0%| F|  |TAMS 0x0000000707a00000| PB 0x0000000707a00000| Untracked 
|  24|0x0000000707c00000, 0x0000000707c00000, 0x0000000707e00000|  0%| F|  |TAMS 0x0000000707c00000| PB 0x0000000707c00000| Untracked 
|  25|0x0000000707e00000, 0x0000000707e00000, 0x0000000708000000|  0%| F|  |TAMS 0x0000000707e00000| PB 0x0000000707e00000| Untracked 
|  26|0x0000000708000000, 0x0000000708000000, 0x0000000708200000|  0%| F|  |TAMS 0x0000000708000000| PB 0x0000000708000000| Untracked 
|  27|0x0000000708200000, 0x0000000708200000, 0x0000000708400000|  0%| F|  |TAMS 0x0000000708200000| PB 0x0000000708200000| Untracked 
|  28|0x0000000708400000, 0x0000000708400000, 0x0000000708600000|  0%| F|  |TAMS 0x0000000708400000| PB 0x0000000708400000| Untracked 
|  29|0x0000000708600000, 0x0000000708600000, 0x0000000708800000|  0%| F|  |TAMS 0x0000000708600000| PB 0x0000000708600000| Untracked 
|  30|0x0000000708800000, 0x0000000708800000, 0x0000000708a00000|  0%| F|  |TAMS 0x0000000708800000| PB 0x0000000708800000| Untracked 
|  31|0x0000000708a00000, 0x0000000708a00000, 0x0000000708c00000|  0%| F|  |TAMS 0x0000000708a00000| PB 0x0000000708a00000| Untracked 
|  32|0x0000000708c00000, 0x0000000708c00000, 0x0000000708e00000|  0%| F|  |TAMS 0x0000000708c00000| PB 0x0000000708c00000| Untracked 
|  33|0x0000000708e00000, 0x0000000708e00000, 0x0000000709000000|  0%| F|  |TAMS 0x0000000708e00000| PB 0x0000000708e00000| Untracked 
|  34|0x0000000709000000, 0x0000000709000000, 0x0000000709200000|  0%| F|  |TAMS 0x0000000709000000| PB 0x0000000709000000| Untracked 
|  35|0x0000000709200000, 0x0000000709200000, 0x0000000709400000|  0%| F|  |TAMS 0x0000000709200000| PB 0x0000000709200000| Untracked 
|  36|0x0000000709400000, 0x0000000709400000, 0x0000000709600000|  0%| F|  |TAMS 0x0000000709400000| PB 0x0000000709400000| Untracked 
|  37|0x0000000709600000, 0x0000000709600000, 0x0000000709800000|  0%| F|  |TAMS 0x0000000709600000| PB 0x0000000709600000| Untracked 
|  38|0x0000000709800000, 0x0000000709800000, 0x0000000709a00000|  0%| F|  |TAMS 0x0000000709800000| PB 0x0000000709800000| Untracked 
|  39|0x0000000709a00000, 0x0000000709a00000, 0x0000000709c00000|  0%| F|  |TAMS 0x0000000709a00000| PB 0x0000000709a00000| Untracked 
|  40|0x0000000709c00000, 0x0000000709c00000, 0x0000000709e00000|  0%| F|  |TAMS 0x0000000709c00000| PB 0x0000000709c00000| Untracked 
|  41|0x0000000709e00000, 0x0000000709e00000, 0x000000070a000000|  0%| F|  |TAMS 0x0000000709e00000| PB 0x0000000709e00000| Untracked 
|  42|0x000000070a000000, 0x000000070a000000, 0x000000070a200000|  0%| F|  |TAMS 0x000000070a000000| PB 0x000000070a000000| Untracked 
|  43|0x000000070a200000, 0x000000070a200000, 0x000000070a400000|  0%| F|  |TAMS 0x000000070a200000| PB 0x000000070a200000| Untracked 
|  44|0x000000070a400000, 0x000000070a400000, 0x000000070a600000|  0%| F|  |TAMS 0x000000070a400000| PB 0x000000070a400000| Untracked 
|  45|0x000000070a600000, 0x000000070a600000, 0x000000070a800000|  0%| F|  |TAMS 0x000000070a600000| PB 0x000000070a600000| Untracked 
|  46|0x000000070a800000, 0x000000070a800000, 0x000000070aa00000|  0%| F|  |TAMS 0x000000070a800000| PB 0x000000070a800000| Untracked 
|  47|0x000000070aa00000, 0x000000070aa00000, 0x000000070ac00000|  0%| F|  |TAMS 0x000000070aa00000| PB 0x000000070aa00000| Untracked 
|  48|0x000000070ac00000, 0x000000070ac00000, 0x000000070ae00000|  0%| F|  |TAMS 0x000000070ac00000| PB 0x000000070ac00000| Untracked 
|  49|0x000000070ae00000, 0x000000070ae00000, 0x000000070b000000|  0%| F|  |TAMS 0x000000070ae00000| PB 0x000000070ae00000| Untracked 
|  50|0x000000070b000000, 0x000000070b000000, 0x000000070b200000|  0%| F|  |TAMS 0x000000070b000000| PB 0x000000070b000000| Untracked 
|  51|0x000000070b200000, 0x000000070b200000, 0x000000070b400000|  0%| F|  |TAMS 0x000000070b200000| PB 0x000000070b200000| Untracked 
|  52|0x000000070b400000, 0x000000070b400000, 0x000000070b600000|  0%| F|  |TAMS 0x000000070b400000| PB 0x000000070b400000| Untracked 
|  53|0x000000070b600000, 0x000000070b600000, 0x000000070b800000|  0%| F|  |TAMS 0x000000070b600000| PB 0x000000070b600000| Untracked 
|  54|0x000000070b800000, 0x000000070b800000, 0x000000070ba00000|  0%| F|  |TAMS 0x000000070b800000| PB 0x000000070b800000| Untracked 
|  55|0x000000070ba00000, 0x000000070ba00000, 0x000000070bc00000|  0%| F|  |TAMS 0x000000070ba00000| PB 0x000000070ba00000| Untracked 
|  56|0x000000070bc00000, 0x000000070bc00000, 0x000000070be00000|  0%| F|  |TAMS 0x000000070bc00000| PB 0x000000070bc00000| Untracked 
|  57|0x000000070be00000, 0x000000070be00000, 0x000000070c000000|  0%| F|  |TAMS 0x000000070be00000| PB 0x000000070be00000| Untracked 
|  58|0x000000070c000000, 0x000000070c000000, 0x000000070c200000|  0%| F|  |TAMS 0x000000070c000000| PB 0x000000070c000000| Untracked 
|  59|0x000000070c200000, 0x000000070c200000, 0x000000070c400000|  0%| F|  |TAMS 0x000000070c200000| PB 0x000000070c200000| Untracked 
|  60|0x000000070c400000, 0x000000070c400000, 0x000000070c600000|  0%| F|  |TAMS 0x000000070c400000| PB 0x000000070c400000| Untracked 
|  61|0x000000070c600000, 0x000000070c600000, 0x000000070c800000|  0%| F|  |TAMS 0x000000070c600000| PB 0x000000070c600000| Untracked 
|  62|0x000000070c800000, 0x000000070c800000, 0x000000070ca00000|  0%| F|  |TAMS 0x000000070c800000| PB 0x000000070c800000| Untracked 
|  63|0x000000070ca00000, 0x000000070ca00000, 0x000000070cc00000|  0%| F|  |TAMS 0x000000070ca00000| PB 0x000000070ca00000| Untracked 
|  64|0x000000070cc00000, 0x000000070cc00000, 0x000000070ce00000|  0%| F|  |TAMS 0x000000070cc00000| PB 0x000000070cc00000| Untracked 
|  65|0x000000070ce00000, 0x000000070ce00000, 0x000000070d000000|  0%| F|  |TAMS 0x000000070ce00000| PB 0x000000070ce00000| Untracked 
|  66|0x000000070d000000, 0x000000070d000000, 0x000000070d200000|  0%| F|  |TAMS 0x000000070d000000| PB 0x000000070d000000| Untracked 
|  67|0x000000070d200000, 0x000000070d200000, 0x000000070d400000|  0%| F|  |TAMS 0x000000070d200000| PB 0x000000070d200000| Untracked 
|  68|0x000000070d400000, 0x000000070d400000, 0x000000070d600000|  0%| F|  |TAMS 0x000000070d400000| PB 0x000000070d400000| Untracked 
|  69|0x000000070d600000, 0x000000070d600000, 0x000000070d800000|  0%| F|  |TAMS 0x000000070d600000| PB 0x000000070d600000| Untracked 
|  70|0x000000070d800000, 0x000000070d800000, 0x000000070da00000|  0%| F|  |TAMS 0x000000070d800000| PB 0x000000070d800000| Untracked 
|  71|0x000000070da00000, 0x000000070da00000, 0x000000070dc00000|  0%| F|  |TAMS 0x000000070da00000| PB 0x000000070da00000| Untracked 
|  72|0x000000070dc00000, 0x000000070dc00000, 0x000000070de00000|  0%| F|  |TAMS 0x000000070dc00000| PB 0x000000070dc00000| Untracked 
|  73|0x000000070de00000, 0x000000070de00000, 0x000000070e000000|  0%| F|  |TAMS 0x000000070de00000| PB 0x000000070de00000| Untracked 
|  74|0x000000070e000000, 0x000000070e000000, 0x000000070e200000|  0%| F|  |TAMS 0x000000070e000000| PB 0x000000070e000000| Untracked 
|  75|0x000000070e200000, 0x000000070e200000, 0x000000070e400000|  0%| F|  |TAMS 0x000000070e200000| PB 0x000000070e200000| Untracked 
|  76|0x000000070e400000, 0x000000070e400000, 0x000000070e600000|  0%| F|  |TAMS 0x000000070e400000| PB 0x000000070e400000| Untracked 
|  77|0x000000070e600000, 0x000000070e600000, 0x000000070e800000|  0%| F|  |TAMS 0x000000070e600000| PB 0x000000070e600000| Untracked 
|  78|0x000000070e800000, 0x000000070e800000, 0x000000070ea00000|  0%| F|  |TAMS 0x000000070e800000| PB 0x000000070e800000| Untracked 
|  79|0x000000070ea00000, 0x000000070ea00000, 0x000000070ec00000|  0%| F|  |TAMS 0x000000070ea00000| PB 0x000000070ea00000| Untracked 
|  80|0x000000070ec00000, 0x000000070ec00000, 0x000000070ee00000|  0%| F|  |TAMS 0x000000070ec00000| PB 0x000000070ec00000| Untracked 
|  81|0x000000070ee00000, 0x000000070ee00000, 0x000000070f000000|  0%| F|  |TAMS 0x000000070ee00000| PB 0x000000070ee00000| Untracked 
|  82|0x000000070f000000, 0x000000070f000000, 0x000000070f200000|  0%| F|  |TAMS 0x000000070f000000| PB 0x000000070f000000| Untracked 
|  83|0x000000070f200000, 0x000000070f200000, 0x000000070f400000|  0%| F|  |TAMS 0x000000070f200000| PB 0x000000070f200000| Untracked 
|  84|0x000000070f400000, 0x000000070f400000, 0x000000070f600000|  0%| F|  |TAMS 0x000000070f400000| PB 0x000000070f400000| Untracked 
|  85|0x000000070f600000, 0x000000070f600000, 0x000000070f800000|  0%| F|  |TAMS 0x000000070f600000| PB 0x000000070f600000| Untracked 
|  86|0x000000070f800000, 0x000000070f800000, 0x000000070fa00000|  0%| F|  |TAMS 0x000000070f800000| PB 0x000000070f800000| Untracked 
|  87|0x000000070fa00000, 0x000000070fa00000, 0x000000070fc00000|  0%| F|  |TAMS 0x000000070fa00000| PB 0x000000070fa00000| Untracked 
|  88|0x000000070fc00000, 0x000000070fc00000, 0x000000070fe00000|  0%| F|  |TAMS 0x000000070fc00000| PB 0x000000070fc00000| Untracked 
|  89|0x000000070fe00000, 0x000000070fe00000, 0x0000000710000000|  0%| F|  |TAMS 0x000000070fe00000| PB 0x000000070fe00000| Untracked 
|  90|0x0000000710000000, 0x0000000710000000, 0x0000000710200000|  0%| F|  |TAMS 0x0000000710000000| PB 0x0000000710000000| Untracked 
|  91|0x0000000710200000, 0x0000000710200000, 0x0000000710400000|  0%| F|  |TAMS 0x0000000710200000| PB 0x0000000710200000| Untracked 
|  92|0x0000000710400000, 0x0000000710400000, 0x0000000710600000|  0%| F|  |TAMS 0x0000000710400000| PB 0x0000000710400000| Untracked 
|  93|0x0000000710600000, 0x0000000710600000, 0x0000000710800000|  0%| F|  |TAMS 0x0000000710600000| PB 0x0000000710600000| Untracked 
|  94|0x0000000710800000, 0x0000000710800000, 0x0000000710a00000|  0%| F|  |TAMS 0x0000000710800000| PB 0x0000000710800000| Untracked 
|  95|0x0000000710a00000, 0x0000000710a00000, 0x0000000710c00000|  0%| F|  |TAMS 0x0000000710a00000| PB 0x0000000710a00000| Untracked 
|  96|0x0000000710c00000, 0x0000000710c00000, 0x0000000710e00000|  0%| F|  |TAMS 0x0000000710c00000| PB 0x0000000710c00000| Untracked 
|  97|0x0000000710e00000, 0x0000000710e00000, 0x0000000711000000|  0%| F|  |TAMS 0x0000000710e00000| PB 0x0000000710e00000| Untracked 
|  98|0x0000000711000000, 0x0000000711000000, 0x0000000711200000|  0%| F|  |TAMS 0x0000000711000000| PB 0x0000000711000000| Untracked 
|  99|0x0000000711200000, 0x0000000711200000, 0x0000000711400000|  0%| F|  |TAMS 0x0000000711200000| PB 0x0000000711200000| Untracked 
| 100|0x0000000711400000, 0x0000000711400000, 0x0000000711600000|  0%| F|  |TAMS 0x0000000711400000| PB 0x0000000711400000| Untracked 
| 101|0x0000000711600000, 0x0000000711600000, 0x0000000711800000|  0%| F|  |TAMS 0x0000000711600000| PB 0x0000000711600000| Untracked 
| 102|0x0000000711800000, 0x0000000711800000, 0x0000000711a00000|  0%| F|  |TAMS 0x0000000711800000| PB 0x0000000711800000| Untracked 
| 103|0x0000000711a00000, 0x0000000711a00000, 0x0000000711c00000|  0%| F|  |TAMS 0x0000000711a00000| PB 0x0000000711a00000| Untracked 
| 104|0x0000000711c00000, 0x0000000711c00000, 0x0000000711e00000|  0%| F|  |TAMS 0x0000000711c00000| PB 0x0000000711c00000| Untracked 
| 105|0x0000000711e00000, 0x0000000711e4e888, 0x0000000712000000| 15%| E|  |TAMS 0x0000000711e00000| PB 0x0000000711e00000| Complete 
| 106|0x0000000712000000, 0x0000000712200000, 0x0000000712200000|100%| E|CS|TAMS 0x0000000712000000| PB 0x0000000712000000| Complete 
| 107|0x0000000712200000, 0x0000000712400000, 0x0000000712400000|100%| E|CS|TAMS 0x0000000712200000| PB 0x0000000712200000| Complete 
| 108|0x0000000712400000, 0x0000000712600000, 0x0000000712600000|100%| E|CS|TAMS 0x0000000712400000| PB 0x0000000712400000| Complete 
| 109|0x0000000712600000, 0x0000000712800000, 0x0000000712800000|100%| E|CS|TAMS 0x0000000712600000| PB 0x0000000712600000| Complete 
| 110|0x0000000712800000, 0x0000000712a00000, 0x0000000712a00000|100%| E|CS|TAMS 0x0000000712800000| PB 0x0000000712800000| Complete 
| 111|0x0000000712a00000, 0x0000000712c00000, 0x0000000712c00000|100%| E|CS|TAMS 0x0000000712a00000| PB 0x0000000712a00000| Complete 
| 112|0x0000000712c00000, 0x0000000712e00000, 0x0000000712e00000|100%| E|CS|TAMS 0x0000000712c00000| PB 0x0000000712c00000| Complete 
| 113|0x0000000712e00000, 0x0000000713000000, 0x0000000713000000|100%| E|CS|TAMS 0x0000000712e00000| PB 0x0000000712e00000| Complete 
| 114|0x0000000713000000, 0x00000007131d44e0, 0x0000000713200000| 91%| S|CS|TAMS 0x0000000713000000| PB 0x0000000713000000| Complete 
| 115|0x0000000713200000, 0x0000000713400000, 0x0000000713400000|100%| E|  |TAMS 0x0000000713200000| PB 0x0000000713200000| Complete 
| 116|0x0000000713400000, 0x0000000713600000, 0x0000000713600000|100%| E|CS|TAMS 0x0000000713400000| PB 0x0000000713400000| Complete 
| 117|0x0000000713600000, 0x0000000713800000, 0x0000000713800000|100%| E|CS|TAMS 0x0000000713600000| PB 0x0000000713600000| Complete 
| 118|0x0000000713800000, 0x0000000713a00000, 0x0000000713a00000|100%| E|CS|TAMS 0x0000000713800000| PB 0x0000000713800000| Complete 
| 119|0x0000000713a00000, 0x0000000713c00000, 0x0000000713c00000|100%| E|CS|TAMS 0x0000000713a00000| PB 0x0000000713a00000| Complete 
| 120|0x0000000713c00000, 0x0000000713e00000, 0x0000000713e00000|100%| E|CS|TAMS 0x0000000713c00000| PB 0x0000000713c00000| Complete 
| 121|0x0000000713e00000, 0x0000000714000000, 0x0000000714000000|100%| E|CS|TAMS 0x0000000713e00000| PB 0x0000000713e00000| Complete 
| 122|0x0000000714000000, 0x0000000714200000, 0x0000000714200000|100%| E|CS|TAMS 0x0000000714000000| PB 0x0000000714000000| Complete 
| 123|0x0000000714200000, 0x0000000714400000, 0x0000000714400000|100%| E|CS|TAMS 0x0000000714200000| PB 0x0000000714200000| Complete 
| 124|0x0000000714400000, 0x0000000714600000, 0x0000000714600000|100%| E|CS|TAMS 0x0000000714400000| PB 0x0000000714400000| Complete 
| 125|0x0000000714600000, 0x0000000714800000, 0x0000000714800000|100%| E|CS|TAMS 0x0000000714600000| PB 0x0000000714600000| Complete 

Card table byte_map: [0x00000280fbcf0000,0x00000280fc4d0000] _byte_map_base: 0x00000280f84ca000

Marking Bits: (CMBitMap*) 0x00000280f7ed0e50
 Bits: [0x000002808f000000, 0x0000028092ed0000)

Polling page: 0x00000280f5cb0000

Metaspace:

Usage:
  Non-class:     14.68 MB used.
      Class:      2.00 MB used.
       Both:     16.68 MB used.

Virtual space:
  Non-class space:       64.00 MB reserved,      14.81 MB ( 23%) committed,  1 nodes.
      Class space:        1.00 GB reserved,       2.19 MB ( <1%) committed,  1 nodes.
             Both:        1.06 GB reserved,      17.00 MB (  2%) committed. 

Chunk freelists:
   Non-Class:  1.19 MB
       Class:  13.67 MB
        Both:  14.86 MB

MaxMetaspaceSize: unlimited
CompressedClassSpaceSize: 1.00 GB
Initial GC threshold: 21.00 MB
Current GC threshold: 21.00 MB
CDS: off
 - commit_granule_bytes: 65536.
 - commit_granule_words: 8192.
 - virtual_space_node_default_size: 8388608.
 - enlarge_chunks_in_place: 1.
 - use_allocation_guard: 0.


Internal statistics:

num_allocs_failed_limit: 0.
num_arena_births: 296.
num_arena_deaths: 0.
num_vsnodes_births: 2.
num_vsnodes_deaths: 0.
num_space_committed: 272.
num_space_uncommitted: 0.
num_chunks_returned_to_freelist: 0.
num_chunks_taken_from_freelist: 596.
num_chunk_merges: 0.
num_chunk_splits: 384.
num_chunks_enlarged: 255.
num_inconsistent_stats: 0.

CodeHeap 'non-profiled nmethods': size=120000Kb used=814Kb max_used=814Kb free=119185Kb
 bounds [0x0000028087ad0000, 0x0000028087d40000, 0x000002808f000000]
CodeHeap 'profiled nmethods': size=120000Kb used=2972Kb max_used=2972Kb free=117028Kb
 bounds [0x0000028080000000, 0x00000280802f0000, 0x0000028087530000]
CodeHeap 'non-nmethods': size=5760Kb used=1364Kb max_used=1378Kb free=4395Kb
 bounds [0x0000028087530000, 0x00000280877a0000, 0x0000028087ad0000]
CodeCache: size=245760Kb, used=5150Kb, max_used=5164Kb, free=240608Kb
 total_blobs=2137, nmethods=1655, adapters=387, full_count=0
Compilation: enabled, stopped_count=0, restarted_count=0

Compilation events (20 events):
Event: 1.145 Thread 0x00000280970defc0 1644       3       java.util.concurrent.locks.AbstractQueuedSynchronizer::compareAndSetState (13 bytes)
Event: 1.145 Thread 0x00000280970defc0 nmethod 1644 0x00000280802e3410 code [0x00000280802e35a0, 0x00000280802e36c8]
Event: 1.146 Thread 0x00000280976bffd0 1646       4       java.util.HashMap::get (19 bytes)
Event: 1.146 Thread 0x00000280970defc0 1645       3       java.lang.invoke.DirectMethodHandle::rebind (5 bytes)
Event: 1.146 Thread 0x00000280970defc0 nmethod 1645 0x00000280802e3790 code [0x00000280802e3940, 0x00000280802e3a78]
Event: 1.149 Thread 0x00000280970defc0 1647       3       java.lang.ProcessEnvironment$CheckedEntrySet$1::hasNext (10 bytes)
Event: 1.149 Thread 0x00000280970bdd90 1650       4       java.util.HashMap::newNode (13 bytes)
Event: 1.149 Thread 0x00000280970defc0 nmethod 1647 0x00000280802e3b10 code [0x00000280802e3cc0, 0x00000280802e3ea0]
Event: 1.149 Thread 0x00000280970defc0 1648       3       java.lang.ProcessEnvironment$CheckedEntrySet$1::next (5 bytes)
Event: 1.149 Thread 0x00000280970defc0 nmethod 1648 0x00000280802e3f90 code [0x00000280802e4160, 0x00000280802e4640]
Event: 1.149 Thread 0x00000280970defc0 1649       3       java.lang.ProcessEnvironment$CheckedEntrySet$1::next (20 bytes)
Event: 1.149 Thread 0x00000280970defc0 nmethod 1649 0x00000280802e4810 code [0x00000280802e49e0, 0x00000280802e4e50]
Event: 1.149 Thread 0x00000280970bdd90 nmethod 1650 0x0000028087b9aa90 code [0x0000028087b9ac20, 0x0000028087b9ad48]
Event: 1.150 Thread 0x00000280976bffd0 nmethod 1646 0x0000028087b9ae10 code [0x0000028087b9afe0, 0x0000028087b9b378]
Event: 1.150 Thread 0x00000280970defc0 1651       3       java.lang.ProcessEnvironment$CheckedEntry::getKey (5 bytes)
Event: 1.150 Thread 0x00000280970defc0 nmethod 1651 0x00000280802e4f90 code [0x00000280802e5160, 0x00000280802e5488]
Event: 1.150 Thread 0x00000280970defc0 1652       3       java.lang.ProcessEnvironment$CheckedEntry::getKey (13 bytes)
Event: 1.150 Thread 0x00000280970defc0 nmethod 1652 0x00000280802e5590 code [0x00000280802e5740, 0x00000280802e5a10]
Event: 1.150 Thread 0x00000280970defc0 1653       3       java.lang.ProcessEnvironment$EntryComparator::compare (13 bytes)
Event: 1.151 Thread 0x00000280970defc0 nmethod 1653 0x00000280802e5b10 code [0x00000280802e5d20, 0x00000280802e6478]

GC Heap History (2 events):
Event: 0.460 GC heap before
{Heap before GC invocations=0 (full 0):
 garbage-first heap   total 258048K, used 22528K [0x0000000704c00000, 0x0000000800000000)
  region size 2048K, 11 young (22528K), 0 survivors (0K)
 Metaspace       used 8575K, committed 8768K, reserved 1114112K
  class space    used 787K, committed 896K, reserved 1048576K
}
Event: 0.463 GC heap after
{Heap after GC invocations=1 (full 0):
 garbage-first heap   total 258048K, used 1873K [0x0000000704c00000, 0x0000000800000000)
  region size 2048K, 1 young (2048K), 1 survivors (2048K)
 Metaspace       used 8575K, committed 8768K, reserved 1114112K
  class space    used 787K, committed 896K, reserved 1048576K
}

Dll operation events (3 events):
Event: 0.012 Loaded shared library C:\Users\chinn\Desktop\New folder\jbr\bin\java.dll
Event: 0.018 Loaded shared library C:\Users\chinn\Desktop\New folder\jbr\bin\zip.dll
Event: 0.134 Loaded shared library C:\Users\chinn\Desktop\New folder\jbr\bin\verify.dll

Deoptimization events (20 events):
Event: 1.076 Thread 0x00000280f5a46aa0 Uncommon trap: trap_request=0xffffffde fr.pc=0x0000028087b122a8 relative=0x0000000000000088
Event: 1.076 Thread 0x00000280f5a46aa0 Uncommon trap: reason=class_check action=maybe_recompile pc=0x0000028087b122a8 method=java.util.AbstractList$Itr.hasNext()Z @ 8 c2
Event: 1.076 Thread 0x00000280f5a46aa0 DEOPT PACKING pc=0x0000028087b122a8 sp=0x000000cc51dfe050
Event: 1.076 Thread 0x00000280f5a46aa0 DEOPT UNPACKING pc=0x00000280875846a2 sp=0x000000cc51dfdfe8 mode 2
Event: 1.076 Thread 0x00000280f5a46aa0 Uncommon trap: trap_request=0xffffffde fr.pc=0x0000028087b12984 relative=0x00000000000000e4
Event: 1.076 Thread 0x00000280f5a46aa0 Uncommon trap: reason=class_check action=maybe_recompile pc=0x0000028087b12984 method=java.util.AbstractList$Itr.next()Ljava/lang/Object; @ 14 c2
Event: 1.076 Thread 0x00000280f5a46aa0 DEOPT PACKING pc=0x0000028087b12984 sp=0x000000cc51dfe040
Event: 1.076 Thread 0x00000280f5a46aa0 DEOPT UNPACKING pc=0x00000280875846a2 sp=0x000000cc51dfdfd8 mode 2
Event: 1.076 Thread 0x00000280f5a46aa0 DEOPT PACKING pc=0x00000280800e53d2 sp=0x000000cc51dfd780
Event: 1.076 Thread 0x00000280f5a46aa0 DEOPT UNPACKING pc=0x0000028087584e42 sp=0x000000cc51dfcc48 mode 0
Event: 1.080 Thread 0x00000280f5a46aa0 DEOPT PACKING pc=0x00000280802aff3a sp=0x000000cc51dfd7f0
Event: 1.080 Thread 0x00000280f5a46aa0 DEOPT UNPACKING pc=0x0000028087584e42 sp=0x000000cc51dfccc8 mode 0
Event: 1.095 Thread 0x00000280f5a46aa0 DEOPT PACKING pc=0x00000280802aff3a sp=0x000000cc51dfd830
Event: 1.095 Thread 0x00000280f5a46aa0 DEOPT UNPACKING pc=0x0000028087584e42 sp=0x000000cc51dfcd08 mode 0
Event: 1.109 Thread 0x00000280f5a46aa0 DEOPT PACKING pc=0x00000280802aff3a sp=0x000000cc51dfd7b0
Event: 1.109 Thread 0x00000280f5a46aa0 DEOPT UNPACKING pc=0x0000028087584e42 sp=0x000000cc51dfcc70 mode 0
Event: 1.135 Thread 0x00000280f5a46aa0 Uncommon trap: trap_request=0xffffffde fr.pc=0x0000028087b1c2d0 relative=0x00000000000001b0
Event: 1.135 Thread 0x00000280f5a46aa0 Uncommon trap: reason=class_check action=maybe_recompile pc=0x0000028087b1c2d0 method=java.lang.String.equals(Ljava/lang/Object;)Z @ 8 c2
Event: 1.135 Thread 0x00000280f5a46aa0 DEOPT PACKING pc=0x0000028087b1c2d0 sp=0x000000cc51dfdfd0
Event: 1.135 Thread 0x00000280f5a46aa0 DEOPT UNPACKING pc=0x00000280875846a2 sp=0x000000cc51dfdf68 mode 2

Classes loaded (20 events):
Event: 1.149 Loading class java/util/concurrent/ForkJoinPool$ForkJoinWorkerThreadFactory
Event: 1.149 Loading class java/util/concurrent/ForkJoinPool$ForkJoinWorkerThreadFactory done
Event: 1.149 Loading class java/util/concurrent/ForkJoinPool$WorkQueue
Event: 1.149 Loading class java/lang/ProcessImpl
Event: 1.149 Loading class java/util/concurrent/ForkJoinPool$WorkQueue done
Event: 1.149 Loading class java/util/concurrent/ForkJoinTask
Event: 1.149 Loading class java/lang/Process
Event: 1.149 Loading class java/lang/Process done
Event: 1.149 Loading class java/lang/ProcessImpl done
Event: 1.150 Loading class java/util/concurrent/ForkJoinTask done
Event: 1.150 Loading class java/util/concurrent/ForkJoinPool$DefaultForkJoinWorkerThreadFactory
Event: 1.150 Loading class java/util/Arrays$LegacyMergeSort
Event: 1.150 Loading class java/util/Arrays$LegacyMergeSort done
Event: 1.150 Loading class java/util/concurrent/ForkJoinPool$DefaultForkJoinWorkerThreadFactory done
Event: 1.150 Loading class java/util/TimSort
Event: 1.150 Loading class java/util/concurrent/ForkJoinPool$2
Event: 1.150 Loading class java/util/TimSort done
Event: 1.150 Loading class jdk/internal/access/JavaUtilConcurrentFJPAccess
Event: 1.150 Loading class jdk/internal/access/JavaUtilConcurrentFJPAccess done
Event: 1.150 Loading class java/util/concurrent/ForkJoinPool$2 done

Classes unloaded (0 events):
No events

Classes redefined (0 events):
No events

Internal exceptions (20 events):
Event: 1.004 Thread 0x00000280f5a46aa0 Exception <a 'java/lang/NoSuchMethodError'{0x0000000712b5c628}: 'java.lang.Object java.lang.invoke.DelegatingMethodHandle$Holder.reinvoke_L(java.lang.Object, java.lang.Object, java.lang.Object, java.lang.Object, java.lang.Object, java.lang.Object, java.lang.Object, java.lang.Object, java.lang.Object, java.lang.Object, java.lang.Object, java.lang.Object, java.lang.Object, java.lang.Object, java.lang.Object, java.lang.Object, java.lang.Object, java.lang.Object, java.lang.Object, java.lang.Object, java.lang.O
Event: 1.010 Thread 0x00000280f5a46aa0 Exception <a 'java/lang/NoSuchMethodError'{0x0000000712bab558}: 'java.lang.Object java.lang.invoke.DirectMethodHandle$Holder.invokeStatic(java.lang.Object, java.lang.Object, java.lang.Object, java.lang.Object, java.lang.Object, java.lang.Object, java.lang.Object, java.lang.Object, java.lang.Object, java.lang.Object, java.lang.Object, java.lang.Object, java.lang.Object)'> (0x0000000712bab558) 
thrown [s\src\hotspot\share\interpreter\linkResolver.cpp, line 784]
Event: 1.011 Thread 0x00000280f5a46aa0 Exception <a 'java/lang/NoSuchMethodError'{0x0000000712bcb288}: 'java.lang.Object java.lang.invoke.DirectMethodHandle$Holder.invokeStatic(java.lang.Object, java.lang.Object, java.lang.Object, java.lang.Object, java.lang.Object, java.lang.Object, java.lang.Object, java.lang.Object, java.lang.Object, java.lang.Object, java.lang.Object, java.lang.Object, java.lang.Object, java.lang.Object)'> (0x0000000712bcb288) 
thrown [s\src\hotspot\share\interpreter\linkResolver.cpp, line 784]
Event: 1.012 Thread 0x00000280f5a46aa0 Exception <a 'java/lang/NoSuchMethodError'{0x0000000712bec4a0}: 'java.lang.Object java.lang.invoke.DirectMethodHandle$Holder.invokeStatic(java.lang.Object, java.lang.Object, java.lang.Object, java.lang.Object, java.lang.Object, java.lang.Object, java.lang.Object, java.lang.Object, java.lang.Object, java.lang.Object, java.lang.Object, java.lang.Object, java.lang.Object, java.lang.Object, java.lang.Object)'> (0x0000000712bec4a0) 
thrown [s\src\hotspot\share\interpreter\linkResolver.cpp, line 784]
Event: 1.015 Thread 0x00000280f5a46aa0 Exception <a 'java/lang/NoSuchMethodError'{0x000000071280fc30}: 'java.lang.Object java.lang.invoke.DirectMethodHandle$Holder.invokeStatic(java.lang.Object, java.lang.Object, java.lang.Object, java.lang.Object, java.lang.Object, java.lang.Object, java.lang.Object, java.lang.Object, java.lang.Object, java.lang.Object, java.lang.Object, java.lang.Object, java.lang.Object, java.lang.Object, java.lang.Object, java.lang.Object)'> (0x000000071280fc30) 
thrown [s\src\hotspot\share\interpreter\linkResolver.cpp, lin
Event: 1.016 Thread 0x00000280f5a46aa0 Exception <a 'java/lang/NoSuchMethodError'{0x0000000712836040}: 'java.lang.Object java.lang.invoke.DirectMethodHandle$Holder.invokeStatic(java.lang.Object, java.lang.Object, java.lang.Object, java.lang.Object, java.lang.Object, java.lang.Object, java.lang.Object, java.lang.Object, java.lang.Object, java.lang.Object, java.lang.Object, java.lang.Object, java.lang.Object, java.lang.Object, java.lang.Object, java.lang.Object, java.lang.Object)'> (0x0000000712836040) 
thrown [s\src\hotspot\share\interpreter\lin
Event: 1.017 Thread 0x00000280f5a46aa0 Exception <a 'java/lang/NoSuchMethodError'{0x000000071285d838}: 'java.lang.Object java.lang.invoke.DirectMethodHandle$Holder.invokeStatic(java.lang.Object, java.lang.Object, java.lang.Object, java.lang.Object, java.lang.Object, java.lang.Object, java.lang.Object, java.lang.Object, java.lang.Object, java.lang.Object, java.lang.Object, java.lang.Object, java.lang.Object, java.lang.Object, java.lang.Object, java.lang.Object, java.lang.Object, java.lang.Object)'> (0x000000071285d838) 
thrown [s\src\hotspot\sha
Event: 1.019 Thread 0x00000280f5a46aa0 Exception <a 'java/lang/NoSuchMethodError'{0x00000007128862d0}: 'java.lang.Object java.lang.invoke.DirectMethodHandle$Holder.invokeStatic(java.lang.Object, java.lang.Object, java.lang.Object, java.lang.Object, java.lang.Object, java.lang.Object, java.lang.Object, java.lang.Object, java.lang.Object, java.lang.Object, java.lang.Object, java.lang.Object, java.lang.Object, java.lang.Object, java.lang.Object, java.lang.Object, java.lang.Object, java.lang.Object, java.lang.Object)'> (0x00000007128862d0) 
thrown 
Event: 1.021 Thread 0x00000280f5a46aa0 Exception <a 'java/lang/NoSuchMethodError'{0x00000007128afe98}: 'java.lang.Object java.lang.invoke.DirectMethodHandle$Holder.invokeStatic(java.lang.Object, java.lang.Object, java.lang.Object, java.lang.Object, java.lang.Object, java.lang.Object, java.lang.Object, java.lang.Object, java.lang.Object, java.lang.Object, java.lang.Object, java.lang.Object, java.lang.Object, java.lang.Object, java.lang.Object, java.lang.Object, java.lang.Object, java.lang.Object, java.lang.Object, java.lang.Object)'> (0x00000007
Event: 1.023 Thread 0x00000280f5a46aa0 Exception <a 'java/lang/NoSuchMethodError'{0x00000007128dacd8}: 'java.lang.Object java.lang.invoke.DirectMethodHandle$Holder.invokeStatic(java.lang.Object, java.lang.Object, java.lang.Object, java.lang.Object, java.lang.Object, java.lang.Object, java.lang.Object, java.lang.Object, java.lang.Object, java.lang.Object, java.lang.Object, java.lang.Object, java.lang.Object, java.lang.Object, java.lang.Object, java.lang.Object, java.lang.Object, java.lang.Object, java.lang.Object, java.lang.Object, java.lang.Obj
Event: 1.025 Thread 0x00000280f5a46aa0 Exception <a 'java/lang/NoSuchMethodError'{0x0000000712906358}: 'java.lang.Object java.lang.invoke.DirectMethodHandle$Holder.invokeStatic(java.lang.Object, java.lang.Object, java.lang.Object, java.lang.Object, java.lang.Object, java.lang.Object, java.lang.Object, java.lang.Object, java.lang.Object, java.lang.Object, java.lang.Object, java.lang.Object, java.lang.Object, java.lang.Object, java.lang.Object, java.lang.Object, java.lang.Object, java.lang.Object, java.lang.Object, java.lang.Object, java.lang.Obj
Event: 1.028 Thread 0x00000280f5a46aa0 Exception <a 'java/lang/NoSuchMethodError'{0x0000000712932a88}: 'java.lang.Object java.lang.invoke.DirectMethodHandle$Holder.invokeStatic(java.lang.Object, java.lang.Object, java.lang.Object, java.lang.Object, java.lang.Object, java.lang.Object, java.lang.Object, java.lang.Object, java.lang.Object, java.lang.Object, java.lang.Object, java.lang.Object, java.lang.Object, java.lang.Object, java.lang.Object, java.lang.Object, java.lang.Object, java.lang.Object, java.lang.Object, java.lang.Object, java.lang.Obj
Event: 1.029 Thread 0x00000280f5a46aa0 Exception <a 'java/lang/NoSuchMethodError'{0x000000071295f8f0}: 'java.lang.Object java.lang.invoke.DirectMethodHandle$Holder.invokeStatic(java.lang.Object, java.lang.Object, java.lang.Object, java.lang.Object, java.lang.Object, java.lang.Object, java.lang.Object, java.lang.Object, java.lang.Object, java.lang.Object, java.lang.Object, java.lang.Object, java.lang.Object, java.lang.Object, java.lang.Object, java.lang.Object, java.lang.Object, java.lang.Object, java.lang.Object, java.lang.Object, java.lang.Obj
Event: 1.030 Thread 0x00000280f5a46aa0 Exception <a 'java/lang/NoSuchMethodError'{0x000000071298e478}: 'java.lang.Object java.lang.invoke.DirectMethodHandle$Holder.invokeStatic(java.lang.Object, java.lang.Object, java.lang.Object, java.lang.Object, java.lang.Object, java.lang.Object, java.lang.Object, java.lang.Object, java.lang.Object, java.lang.Object, java.lang.Object, java.lang.Object, java.lang.Object, java.lang.Object, java.lang.Object, java.lang.Object, java.lang.Object, java.lang.Object, java.lang.Object, java.lang.Object, java.lang.Obj
Event: 1.033 Thread 0x00000280f5a46aa0 Exception <a 'java/lang/NoSuchMethodError'{0x00000007129b0710}: 'java.lang.Object java.lang.invoke.DirectMethodHandle$Holder.invokeSpecial(java.lang.Object, java.lang.Object, java.lang.Object, java.lang.Object, java.lang.Object, java.lang.Object, java.lang.Object, java.lang.Object, java.lang.Object, java.lang.Object, java.lang.Object, java.lang.Object, java.lang.Object, java.lang.Object, java.lang.Object, java.lang.Object, java.lang.Object, java.lang.Object, java.lang.Object, java.lang.Object, java.lang.Ob
Event: 1.034 Thread 0x00000280f5a46aa0 Exception <a 'java/lang/NoSuchMethodError'{0x00000007129c61a8}: 'java.lang.Object java.lang.invoke.DirectMethodHandle$Holder.newInvokeSpecial(java.lang.Object, java.lang.Object, java.lang.Object, java.lang.Object, java.lang.Object, java.lang.Object, java.lang.Object, java.lang.Object, java.lang.Object, java.lang.Object, java.lang.Object, java.lang.Object, java.lang.Object, java.lang.Object, java.lang.Object, java.lang.Object, java.lang.Object, java.lang.Object, java.lang.Object, java.lang.Object, java.lang
Event: 1.034 Thread 0x00000280f5a46aa0 Exception <a 'java/lang/NoSuchMethodError'{0x00000007129cc3a0}: 'java.lang.Object java.lang.invoke.Invokers$Holder.linkToTargetMethod(java.lang.Object, java.lang.Object, java.lang.Object, java.lang.Object, java.lang.Object, java.lang.Object, java.lang.Object, java.lang.Object, java.lang.Object, java.lang.Object, java.lang.Object, java.lang.Object, java.lang.Object, java.lang.Object, java.lang.Object, java.lang.Object, java.lang.Object, java.lang.Object, java.lang.Object, java.lang.Object, java.lang.Object,
Event: 1.034 Thread 0x00000280f5a46aa0 Exception <a 'java/lang/NoSuchMethodError'{0x00000007129d1710}: 'java.lang.Object java.lang.invoke.DirectMethodHandle$Holder.invokeVirtual(java.lang.Object, java.lang.Object, java.lang.Object, java.lang.Object, java.lang.Object, java.lang.Object, java.lang.Object, java.lang.Object, java.lang.Object, java.lang.Object)'> (0x00000007129d1710) 
thrown [s\src\hotspot\share\interpreter\linkResolver.cpp, line 784]
Event: 1.047 Thread 0x00000280f5a46aa0 Exception <a 'java/lang/NoSuchMethodError'{0x00000007126cad48}: 'java.lang.Object java.lang.invoke.DirectMethodHandle$Holder.invokeVirtual(java.lang.Object, java.lang.Object, java.lang.Object, java.lang.Object, java.lang.Object, java.lang.Object, java.lang.Object, java.lang.Object, java.lang.Object)'> (0x00000007126cad48) 
thrown [s\src\hotspot\share\interpreter\linkResolver.cpp, line 784]
Event: 1.160 Thread 0x000002809860bb90 Exception <a 'java/lang/NoSuchMethodError'{0x0000000711e06588}: 'void java.lang.invoke.DirectMethodHandle$Holder.invokeStatic(java.lang.Object, long)'> (0x0000000711e06588) 
thrown [s\src\hotspot\share\interpreter\linkResolver.cpp, line 784]

ZGC Phase Switch (0 events):
No events

VM Operations (20 events):
Event: 0.130 Executing VM operation: HandshakeAllThreads (Deoptimize)
Event: 0.130 Executing VM operation: HandshakeAllThreads (Deoptimize) done
Event: 0.460 Executing VM operation: G1CollectForAllocation (G1 Evacuation Pause)
Event: 0.463 Executing VM operation: G1CollectForAllocation (G1 Evacuation Pause) done
Event: 0.585 Executing VM operation: HandshakeAllThreads (Deoptimize)
Event: 0.585 Executing VM operation: HandshakeAllThreads (Deoptimize) done
Event: 0.627 Executing VM operation: HandshakeAllThreads (Deoptimize)
Event: 0.627 Executing VM operation: HandshakeAllThreads (Deoptimize) done
Event: 0.726 Executing VM operation: HandshakeAllThreads (Deoptimize)
Event: 0.726 Executing VM operation: HandshakeAllThreads (Deoptimize) done
Event: 0.762 Executing VM operation: HandshakeAllThreads (Deoptimize)
Event: 0.762 Executing VM operation: HandshakeAllThreads (Deoptimize) done
Event: 0.805 Executing VM operation: HandshakeAllThreads (Deoptimize)
Event: 0.805 Executing VM operation: HandshakeAllThreads (Deoptimize) done
Event: 0.838 Executing VM operation: HandshakeAllThreads (Deoptimize)
Event: 0.838 Executing VM operation: HandshakeAllThreads (Deoptimize) done
Event: 0.897 Executing VM operation: HandshakeAllThreads (Deoptimize)
Event: 0.897 Executing VM operation: HandshakeAllThreads (Deoptimize) done
Event: 1.066 Executing VM operation: ICBufferFull
Event: 1.066 Executing VM operation: ICBufferFull done

Memory protections (0 events):
No events

Nmethod flushes (0 events):
No events

Events (20 events):
Event: 0.066 Thread 0x00000280f5a46aa0 Thread added: 0x00000280970721e0
Event: 0.067 Thread 0x00000280f5a46aa0 Thread added: 0x000002809709ef10
Event: 0.067 Thread 0x00000280f5a46aa0 Thread added: 0x000002809709f970
Event: 0.067 Thread 0x00000280f5a46aa0 Thread added: 0x00000280970a03d0
Event: 0.067 Thread 0x00000280f5a46aa0 Thread added: 0x00000280970a2510
Event: 0.067 Thread 0x00000280f5a46aa0 Thread added: 0x00000280970bdd90
Event: 0.067 Thread 0x00000280f5a46aa0 Thread added: 0x00000280970defc0
Event: 0.102 Thread 0x00000280f5a46aa0 Thread added: 0x0000028097276330
Event: 0.115 Loaded shared library C:\Users\chinn\Desktop\New folder\jbr\bin\net.dll
Event: 0.119 Loaded shared library C:\Users\chinn\Desktop\New folder\jbr\bin\nio.dll
Event: 0.128 Loaded shared library C:\Users\chinn\Desktop\New folder\jbr\bin\zip.dll
Event: 0.201 Loaded shared library C:\Users\chinn\Desktop\New folder\jbr\bin\jimage.dll
Event: 0.384 Thread 0x00000280970defc0 Thread added: 0x0000028097562a40
Event: 0.467 Thread 0x00000280970defc0 Thread added: 0x00000280976bffd0
Event: 0.711 Loaded shared library C:\Users\chinn\Desktop\New folder\jbr\bin\management.dll
Event: 0.713 Loaded shared library C:\Users\chinn\Desktop\New folder\jbr\bin\management_ext.dll
Event: 0.754 Loaded shared library C:\Users\chinn\.gradle\native\1def1411415f61bf3af743bc5b6707747c0891f09f0c88961ee8f79bc544acac\windows-amd64\native-platform.dll
Event: 0.786 Thread 0x00000280f5a46aa0 Thread added: 0x0000028097e2cde0
Event: 0.953 Loaded shared library C:\Users\chinn\Desktop\New folder\jbr\bin\extnet.dll
Event: 1.148 Thread 0x00000280f5a46aa0 Thread added: 0x000002809860bb90


Dynamic libraries:
0x00007ff723250000 - 0x00007ff72325a000 	C:\Users\chinn\Desktop\New folder\jbr\bin\java.exe
0x00007ffe85d20000 - 0x00007ffe85f87000 	C:\WINDOWS\SYSTEM32\ntdll.dll
0x00007ffe840a0000 - 0x00007ffe84169000 	C:\WINDOWS\System32\KERNEL32.DLL
0x00007ffe82e70000 - 0x00007ffe8325f000 	C:\WINDOWS\System32\KERNELBASE.dll
0x00007ffe83460000 - 0x00007ffe835ab000 	C:\WINDOWS\System32\ucrtbase.dll
0x00007ffe6e680000 - 0x00007ffe6e698000 	C:\Users\chinn\Desktop\New folder\jbr\bin\jli.dll
0x00007ffe65900000 - 0x00007ffe6591b000 	C:\Users\chinn\Desktop\New folder\jbr\bin\VCRUNTIME140.dll
0x00007ffe84e80000 - 0x00007ffe85045000 	C:\WINDOWS\System32\USER32.dll
0x00007ffe83430000 - 0x00007ffe83457000 	C:\WINDOWS\System32\win32u.dll
0x00007ffe85340000 - 0x00007ffe8536b000 	C:\WINDOWS\System32\GDI32.dll
0x00007ffe63f10000 - 0x00007ffe641a3000 	C:\WINDOWS\WinSxS\amd64_microsoft.windows.common-controls_6595b64144ccf1df_6.0.26100.7309_none_3e05feeae336a044\COMCTL32.dll
0x00007ffe83270000 - 0x00007ffe8339c000 	C:\WINDOWS\System32\gdi32full.dll
0x00007ffe83890000 - 0x00007ffe83933000 	C:\WINDOWS\System32\msvcp_win.dll
0x00007ffe83eb0000 - 0x00007ffe83f59000 	C:\WINDOWS\System32\msvcrt.dll
0x00007ffe84060000 - 0x00007ffe84091000 	C:\WINDOWS\System32\IMM32.DLL
0x00007ffe6e670000 - 0x00007ffe6e67c000 	C:\Users\chinn\Desktop\New folder\jbr\bin\vcruntime140_1.dll
0x00007ffe472c0000 - 0x00007ffe4734d000 	C:\Users\chinn\Desktop\New folder\jbr\bin\msvcp140.dll
0x00007ffdc2fc0000 - 0x00007ffdc3c56000 	C:\Users\chinn\Desktop\New folder\jbr\bin\server\jvm.dll
0x00007ffe85a40000 - 0x00007ffe85af4000 	C:\WINDOWS\System32\ADVAPI32.dll
0x00007ffe85990000 - 0x00007ffe85a36000 	C:\WINDOWS\System32\sechost.dll
0x00007ffe84170000 - 0x00007ffe84288000 	C:\WINDOWS\System32\RPCRT4.dll
0x00007ffe852c0000 - 0x00007ffe85334000 	C:\WINDOWS\System32\WS2_32.dll
0x00007ffe82cd0000 - 0x00007ffe82d2e000 	C:\WINDOWS\SYSTEM32\POWRPROF.dll
0x00007ffe6bdb0000 - 0x00007ffe6bdbb000 	C:\WINDOWS\SYSTEM32\VERSION.dll
0x00007ffe78ca0000 - 0x00007ffe78cd5000 	C:\WINDOWS\SYSTEM32\WINMM.dll
0x00007ffe82cb0000 - 0x00007ffe82cc4000 	C:\WINDOWS\SYSTEM32\UMPDC.dll
0x00007ffe81bf0000 - 0x00007ffe81c0b000 	C:\WINDOWS\SYSTEM32\kernel.appcore.dll
0x00007ffe6e620000 - 0x00007ffe6e62a000 	C:\Users\chinn\Desktop\New folder\jbr\bin\jimage.dll
0x00007ffe7fd40000 - 0x00007ffe7ff82000 	C:\WINDOWS\SYSTEM32\DBGHELP.DLL
0x00007ffe854e0000 - 0x00007ffe85866000 	C:\WINDOWS\System32\combase.dll
0x00007ffe85050000 - 0x00007ffe85126000 	C:\WINDOWS\System32\OLEAUT32.dll
0x00007ffe5d1f0000 - 0x00007ffe5d22c000 	C:\WINDOWS\SYSTEM32\dbgcore.DLL
0x00007ffe835b0000 - 0x00007ffe83655000 	C:\WINDOWS\System32\bcryptPrimitives.dll
0x00007ffe658e0000 - 0x00007ffe65900000 	C:\Users\chinn\Desktop\New folder\jbr\bin\java.dll
0x00007ffe658c0000 - 0x00007ffe658d8000 	C:\Users\chinn\Desktop\New folder\jbr\bin\zip.dll
0x00007ffe84720000 - 0x00007ffe84e73000 	C:\WINDOWS\System32\SHELL32.dll
0x00007ffe83720000 - 0x00007ffe8388a000 	C:\WINDOWS\System32\wintypes.dll
0x00007ffe80a30000 - 0x00007ffe8128e000 	C:\WINDOWS\SYSTEM32\windows.storage.dll
0x00007ffe853e0000 - 0x00007ffe854d5000 	C:\WINDOWS\System32\SHCORE.dll
0x00007ffe83ff0000 - 0x00007ffe84056000 	C:\WINDOWS\System32\shlwapi.dll
0x00007ffe82d90000 - 0x00007ffe82db9000 	C:\WINDOWS\SYSTEM32\profapi.dll
0x00007ffe66860000 - 0x00007ffe66870000 	C:\Users\chinn\Desktop\New folder\jbr\bin\net.dll
0x00007ffe6f7a0000 - 0x00007ffe6f8c8000 	C:\WINDOWS\SYSTEM32\WINHTTP.dll
0x00007ffe82140000 - 0x00007ffe821ab000 	C:\WINDOWS\system32\mswsock.dll
0x00007ffe658a0000 - 0x00007ffe658b6000 	C:\Users\chinn\Desktop\New folder\jbr\bin\nio.dll
0x00007ffe65890000 - 0x00007ffe658a0000 	C:\Users\chinn\Desktop\New folder\jbr\bin\verify.dll
0x00007ffe5e190000 - 0x00007ffe5e199000 	C:\Users\chinn\Desktop\New folder\jbr\bin\management.dll
0x00007ffe5e180000 - 0x00007ffe5e18b000 	C:\Users\chinn\Desktop\New folder\jbr\bin\management_ext.dll
0x00007ffe83f60000 - 0x00007ffe83f68000 	C:\WINDOWS\System32\PSAPI.DLL
0x00007ffe28240000 - 0x00007ffe28267000 	C:\Users\chinn\.gradle\native\1def1411415f61bf3af743bc5b6707747c0891f09f0c88961ee8f79bc544acac\windows-amd64\native-platform.dll
0x00007ffe823e0000 - 0x00007ffe823fb000 	C:\WINDOWS\SYSTEM32\CRYPTSP.dll
0x00007ffe81b50000 - 0x00007ffe81b8a000 	C:\WINDOWS\system32\rsaenh.dll
0x00007ffe821f0000 - 0x00007ffe8221b000 	C:\WINDOWS\SYSTEM32\USERENV.dll
0x00007ffe82d60000 - 0x00007ffe82d8a000 	C:\WINDOWS\SYSTEM32\bcrypt.dll
0x00007ffe823d0000 - 0x00007ffe823dc000 	C:\WINDOWS\SYSTEM32\CRYPTBASE.dll
0x00007ffe81630000 - 0x00007ffe81664000 	C:\WINDOWS\SYSTEM32\IPHLPAPI.DLL
0x00007ffe85370000 - 0x00007ffe8537a000 	C:\WINDOWS\System32\NSI.dll
0x00007ffe65880000 - 0x00007ffe65889000 	C:\Users\chinn\Desktop\New folder\jbr\bin\extnet.dll

JVMTI agents: none

dbghelp: loaded successfully - version: 4.0.5 - missing functions: none
symbol engine: initialized successfully - sym options: 0x614 - pdb path: .;C:\Users\chinn\Desktop\New folder\jbr\bin;C:\WINDOWS\SYSTEM32;C:\WINDOWS\WinSxS\amd64_microsoft.windows.common-controls_6595b64144ccf1df_6.0.26100.7309_none_3e05feeae336a044;C:\Users\chinn\Desktop\New folder\jbr\bin\server;C:\Users\chinn\.gradle\native\1def1411415f61bf3af743bc5b6707747c0891f09f0c88961ee8f79bc544acac\windows-amd64

VM Arguments:
jvm_args: -Dorg.gradle.appname=gradlew 
java_command: org.gradle.wrapper.GradleWrapperMain -q -Ptarget-platform=android-arm64 -Ptarget=D:\Pedometer\lib\main.dart -Pbase-application-name=android.app.Application -Pdart-defines=RkxVVFRFUl9WRVJTSU9OPTMuNDEuMQ==,RkxVVFRFUl9DSEFOTkVMPXN0YWJsZQ==,RkxVVFRFUl9HSVRfVVJMPWh0dHBzOi8vZ2l0aHViLmNvbS9mbHV0dGVyL2ZsdXR0ZXIuZ2l0,RkxVVFRFUl9GUkFNRVdPUktfUkVWSVNJT049NTgyYTBlN2M1NQ==,RkxVVFRFUl9FTkdJTkVfUkVWSVNJT049MzQ1MmQ3MzViZA==,RkxVVFRFUl9EQVJUX1ZFUlNJT049My4xMS4w -Pdart-obfuscation=false -Ptrack-widget-creation=true -Ptree-shake-icons=false -Pfilesystem-scheme=org-dartlang-root assembleDebug
java_class_path (initial): D:\Pedometer\android\\gradle\wrapper\gradle-wrapper.jar
Launcher Type: SUN_STANDARD

[Global flags]
     intx CICompilerCount                          = 4                                         {product} {ergonomic}
     uint ConcGCThreads                            = 3                                         {product} {ergonomic}
     uint G1ConcRefinementThreads                  = 10                                        {product} {ergonomic}
   size_t G1HeapRegionSize                         = 2097152                                   {product} {ergonomic}
    uintx GCDrainStackTargetSize                   = 64                                        {product} {ergonomic}
   size_t InitialHeapSize                          = 264241152                                 {product} {ergonomic}
   size_t MarkStackSize                            = 4194304                                   {product} {ergonomic}
   size_t MaxHeapSize                              = 4215275520                                {product} {ergonomic}
   size_t MaxNewSize                               = 2529165312                                {product} {ergonomic}
   size_t MinHeapDeltaBytes                        = 2097152                                   {product} {ergonomic}
   size_t MinHeapSize                              = 8388608                                   {product} {ergonomic}
    uintx NonNMethodCodeHeapSize                   = 5839372                                {pd product} {ergonomic}
    uintx NonProfiledCodeHeapSize                  = 122909434                              {pd product} {ergonomic}
    uintx ProfiledCodeHeapSize                     = 122909434                              {pd product} {ergonomic}
    uintx ReservedCodeCacheSize                    = 251658240                              {pd product} {ergonomic}
     bool SegmentedCodeCache                       = true                                      {product} {ergonomic}
   size_t SoftMaxHeapSize                          = 4215275520                             {manageable} {ergonomic}
     bool UseCompressedOops                        = true                           {product lp64_product} {ergonomic}
     bool UseG1GC                                  = true                                      {product} {ergonomic}
     bool UseLargePagesIndividualAllocation        = false                                  {pd product} {ergonomic}

Logging:
Log output configuration:
 #0: stdout all=warning uptime,level,tags foldmultilines=false
 #1: stderr all=off uptime,level,tags foldmultilines=false

Environment Variables:
JAVA_HOME=C:\Users\chinn\Desktop\New folder\jbr
CLASSPATH=D:\Pedometer\android\\gradle\wrapper\gradle-wrapper.jar
PATH=C:\Users\chinn\Desktop\New folder\jbr\bin;C:\Program Files\Common Files\Oracle\Java\javapath;C:\WINDOWS\system32;C:\WINDOWS;C:\WINDOWS\System32\Wbem;C:\WINDOWS\System32\WindowsPowerShell\v1.0\;C:\WINDOWS\System32\OpenSSH\;C:\Program Files\nodejs\;C:\Program Files\Microsoft SQL Server\150\Tools\Binn\;C:\Program Files\dotnet\;C:\Program Files\Git\cmd;D:\flutter\bin;C:\Users\chinn\AppData\Local\Programs\Python\Python312\Scripts\;C:\Users\chinn\AppData\Local\Programs\Python\Python312\;C:\Users\chinn\AppData\Local\Microsoft\WindowsApps;C:\Users\chinn\AppData\Local\Programs\Microsoft VS Code\bin;C:\Program Files\Java\jdk-21\bin;C:\Users\chinn\AppData\Roaming\npm;C:\Users\chinn\.dotnet\tools;C:\Users\chinn\AppData\Local\GitHubDesktop\bin;D:\flutter\bin;
USERNAME=chinn
OS=Windows_NT
PROCESSOR_IDENTIFIER=Intel64 Family 6 Model 186 Stepping 2, GenuineIntel
TMP=C:\Users\chinn\AppData\Local\Temp
TEMP=C:\Users\chinn\AppData\Local\Temp




Periodic native trim disabled

JNI global refs:
JNI global refs: 19, weak refs: 0

JNI global refs memory usage: 835, weak refs: 833

Process memory usage:
Resident Set Size: 117192K (0% of 16462712K total physical memory with 1679560K free physical memory)

OOME stack traces (most recent first):
Classloader memory used:
Loader bootstrap                                                                       : 12243K
Loader org.gradle.internal.classloader.VisitableURLClassLoader                         : 4452K
Loader java.net.URLClassLoader                                                         : 234K
Loader jdk.internal.loader.ClassLoaders$AppClassLoader                                 : 147K

Classes loaded by more than one classloader:
Class org.gradle.internal.classloader.ClassLoaderHierarchy                            : loaded 2 times (x 70B)
Class org.gradle.cli.AbstractPropertiesCommandLineConverter                           : loaded 2 times (x 83B)
Class org.gradle.api.internal.classpath.ManifestUtil                                  : loaded 2 times (x 71B)
Class org.gradle.cli.CommandLineParser                                                : loaded 2 times (x 79B)
Class org.gradle.internal.classloader.ClassLoaderVisitor                              : loaded 2 times (x 76B)
Class org.gradle.api.internal.classpath.EffectiveClassPath                            : loaded 2 times (x 90B)
Class org.gradle.internal.service.UnknownServiceException                             : loaded 2 times (x 83B)
Class org.gradle.cli.SystemPropertiesCommandLineConverter                             : loaded 2 times (x 83B)
Class org.gradle.cli.CommandLineArgumentException                                     : loaded 2 times (x 82B)
Class org.gradle.cli.CommandLineParser$KnownOptionParserState                         : loaded 2 times (x 76B)
Class org.gradle.internal.InternalTransformer                                         : loaded 2 times (x 70B)
Class org.gradle.internal.classloader.ClasspathUtil$1                                 : loaded 2 times (x 76B)
Class org.gradle.api.internal.classpath.DefaultModuleRegistry$DefaultModule           : loaded 2 times (x 86B)
Class org.gradle.api.internal.classpath.Module                                        : loaded 2 times (x 70B)
Class org.gradle.api.internal.classpath.UnknownModuleException                        : loaded 2 times (x 82B)
Class org.gradle.internal.classpath.DefaultClassPath$ImmutableUniqueList              : loaded 2 times (x 199B)
Class org.gradle.cli.CommandLineParser$OptionAwareParserState                         : loaded 2 times (x 77B)
Class org.gradle.cli.ParsedCommandLine                                                : loaded 2 times (x 80B)
Class org.gradle.internal.classpath.ClassPath                                         : loaded 2 times (x 70B)
Class org.gradle.cli.CommandLineParser$UnknownOptionParserState                       : loaded 2 times (x 76B)
Class org.gradle.cli.ParsedCommandLineOption                                          : loaded 2 times (x 76B)
Class org.gradle.api.UncheckedIOException                                             : loaded 2 times (x 82B)
Class org.gradle.cli.CommandLineParser$AfterFirstSubCommand                           : loaded 2 times (x 77B)
Class org.gradle.api.internal.classpath.ModuleRegistry                                : loaded 2 times (x 70B)
Class org.gradle.internal.installation.GradleInstallation$1                           : loaded 2 times (x 75B)
Class org.gradle.api.internal.classpath.DefaultModuleRegistry                         : loaded 2 times (x 86B)
Class org.gradle.cli.CommandLineOption                                                : loaded 2 times (x 86B)
Class org.gradle.cli.CommandLineParser$BeforeFirstSubCommand                          : loaded 2 times (x 77B)
Class org.gradle.internal.service.ServiceLookupException                              : loaded 2 times (x 82B)
Class org.gradle.cli.CommandLineParser$OptionParserState                              : loaded 2 times (x 75B)
Class org.gradle.internal.classloader.ClasspathUtil                                   : loaded 2 times (x 71B)
Class org.gradle.api.specs.Spec                                                       : loaded 2 times (x 70B)
Class org.gradle.internal.classpath.DefaultClassPath                                  : loaded 2 times (x 90B)
Class org.gradle.internal.classloader.ClassLoaderSpec                                 : loaded 2 times (x 71B)
Class org.gradle.internal.Cast                                                        : loaded 2 times (x 71B)
Class org.gradle.api.Action                                                           : loaded 2 times (x 70B)
Class org.gradle.internal.classpath.DefaultClassPath$ImmutableUniqueList$Builder      : loaded 2 times (x 75B)
Class org.gradle.cli.AbstractCommandLineConverter                                     : loaded 2 times (x 79B)
Class org.gradle.api.GradleException                                                  : loaded 2 times (x 82B)
Class org.gradle.internal.IoActions                                                   : loaded 2 times (x 71B)
Class org.gradle.internal.classloader.SystemClassLoaderSpec                           : loaded 2 times (x 71B)
Class org.gradle.cli.CommandLineConverter                                             : loaded 2 times (x 70B)
Class org.gradle.cli.CommandLineParser$MissingOptionArgState                          : loaded 2 times (x 77B)
Class org.gradle.cli.CommandLineParser$ParserState                                    : loaded 2 times (x 76B)
Class org.gradle.cli.CommandLineParser$OptionString                                   : loaded 2 times (x 73B)
Class org.gradle.api.internal.classpath.GlobalCacheRootsProvider                      : loaded 2 times (x 70B)
Class org.gradle.internal.installation.CurrentGradleInstallationLocator               : loaded 2 times (x 71B)
Class org.gradle.internal.installation.CurrentGradleInstallation                      : loaded 2 times (x 73B)
Class org.gradle.util.internal.GUtil                                                  : loaded 2 times (x 71B)
Class org.gradle.cli.CommandLineParser$AfterOptions                                   : loaded 2 times (x 77B)
Class org.gradle.internal.installation.GradleInstallation                             : loaded 2 times (x 75B)

---------------  S Y S T E M  ---------------

OS:
 Windows 11 , 64 bit Build 26100 (10.0.26100.7623)
OS uptime: 3 days 11:46 hours
Hyper-V role detected

CPU: total 12 (initial active 12) (6 cores per cpu, 2 threads per core) family 6 model 186 stepping 2 microcode 0x4112, cx8, cmov, fxsr, ht, mmx, 3dnowpref, sse, sse2, sse3, ssse3, sse4.1, sse4.2, popcnt, lzcnt, tsc, tscinvbit, avx, avx2, aes, erms, clmul, bmi1, bmi2, adx, sha, fma, vzeroupper, clflush, clflushopt, clwb, hv, serialize, rdtscp, rdpid, fsrm, f16c, cet_ibt, cet_ss
Processor Information for processor 0
  Max Mhz: 2100, Current Mhz: 2100, Mhz Limit: 2100
Processor Information for processor 1
  Max Mhz: 2100, Current Mhz: 2100, Mhz Limit: 2100
Processor Information for processor 2
  Max Mhz: 2100, Current Mhz: 2100, Mhz Limit: 2100
Processor Information for processor 3
  Max Mhz: 2100, Current Mhz: 2100, Mhz Limit: 2100
Processor Information for processor 4
  Max Mhz: 2100, Current Mhz: 2100, Mhz Limit: 2100
Processor Information for processor 5
  Max Mhz: 2100, Current Mhz: 1453, Mhz Limit: 2100
Processor Information for processor 6
  Max Mhz: 2100, Current Mhz: 2100, Mhz Limit: 2100
Processor Information for processor 7
  Max Mhz: 2100, Current Mhz: 2100, Mhz Limit: 2100
Processor Information for processor 8
  Max Mhz: 2100, Current Mhz: 1500, Mhz Limit: 1491
Processor Information for processor 9
  Max Mhz: 2100, Current Mhz: 1500, Mhz Limit: 1491
Processor Information for processor 10
  Max Mhz: 2100, Current Mhz: 1500, Mhz Limit: 1491
Processor Information for processor 11
  Max Mhz: 2100, Current Mhz: 1500, Mhz Limit: 1491

Memory: 4k page, system-wide physical 16076M (1640M free)
TotalPageFile size 22547M (AvailPageFile size 1M)
current process WorkingSet (physical memory assigned to process): 114M, peak: 114M
current process commit charge ("private bytes"): 366M, peak: 367M

vm_info: OpenJDK 64-Bit Server VM (21.0.8+-14018985-b1038.68) for windows-amd64 JRE (21.0.8+-14018985-b1038.68), built on 2025-08-29T19:56:34Z by "builder" with MS VC++ 16.10 / 16.11 (VS2019)

END.
